[19:31:34] Game started
[19:31:34] Génération des cartes...
[19:31:34] Cartes générées
[19:31:34] Affichage des personnages disponibles...
[19:31:34] Demande de choix de personnage
[19:31:36] Personnage choisi: GUERISSEUR
[19:31:36] Affichage des niveaux disponibles
[19:31:36] Demande de confirmation pour lancer le niveau
[19:31:37] Niveau 1 lancé: Tour de Paris
[19:31:37] Affichage de la carte
[19:31:37] GUERISSEUR est à la position 0 sur la carte.
[19:31:37] Demande de déplacement
[19:31:38] GUERISSEUR avance.
[19:31:38] GUERISSEUR rencontre un CRS (47 PV) !
[19:31:38] Demande de choix d'action à attaque ou défense.
[19:31:41] GUERISSEUR se défend.
[19:31:41] CRS attaque mais GUERISSEURse défend.
[19:31:41] Demande de choix d'action à attaque ou défense.
[19:31:47] GUERISSEUR se défend.
[19:31:47] Demande de choix d'action à attaque ou défense.
[19:31:49] GUERISSEUR inflige 5 dégâts à CRS
[19:31:49] CRS inflige 48 dégâts à GUERISSEUR
[19:31:49] Demande de choix d'action à attaque ou défense.
[19:32:04] CRS esquive l'attaque.
[19:32:04] Demande de choix d'action à attaque ou défense.
[19:32:09] CRS esquive l'attaque.
[19:32:09] Demande de choix d'action à attaque ou défense.
[19:32:11] CRS esquive l'attaque.
[19:32:11] Demande de choix d'action à attaque ou défense.
[19:32:12] GUERISSEUR inflige 5 dégâts à CRS
[19:32:12] CRS inflige 48 dégâts à GUERISSEUR
[19:32:12] Demande de choix d'action à attaque ou défense.
[19:32:12] CRS esquive l'attaque.
[19:32:12] Demande de choix d'action à attaque ou défense.
[19:32:13] GUERISSEUR inflige 5 dégâts à CRS
[19:32:13] CRS inflige 48 dégâts à GUERISSEUR
[19:32:13] GUERISSEUR a été vaincu par CRS
[19:32:13] PV restants après le combat: -44
[19:32:13] GUERISSEUR a été vaincu. Fin du jeu.
