[19:11:23] Game started
[19:11:23] Génération des cartes...
[19:11:23] Cartes générées
[19:11:23] Affichage des personnages disponibles...
[19:11:23] Demande de choix de personnage
[19:11:30] Personnage choisi: HITMAN
[19:11:30] Affichage des niveaux disponibles
[19:11:30] Demande de confirmation pour lancer le niveau
[19:11:31] Niveau 1 lancé: Tour de Paris
[19:11:31] Affichage de la carte
[19:11:31] HITMAN est à la position 0 sur la carte.
[19:11:31] Demande de déplacement
[19:11:33] HITMAN avance.
[19:11:33] HITMAN est à la position 1 sur la carte.
[19:11:33] Demande de déplacement
[19:11:35] HITMAN avance.
[19:11:35] HITMAN est à la position 2 sur la carte.
[19:11:35] Demande de déplacement
[19:11:36] HITMAN avance.
[19:11:36] HITMAN rencontre un Sniper (30 PV) !
[19:11:36] Demande de choix d'action à attaque ou défense.
[19:11:40] HITMAN inflige 10 dégâts à Sniper
[19:11:40] Sniper se défend.
[19:11:40] Demande de choix d'action à attaque ou défense.
[19:11:46] HITMAN inflige 10 dég