[19:28:16] Game started
[19:28:16] Génération des cartes...
[19:28:16] Cartes générées
[19:28:16] Affichage des personnages disponibles...
[19:28:16] Demande de choix de personnage
[19:28:21] Personnage choisi: CREEPER
[19:28:21] Affichage des niveaux disponibles
[19:28:21] Demande de confirmation pour lancer le niveau
[19:28:26] Niveau 1 lancé: Tour de Paris
[19:28:26] Affichage de la carte
[19:28:26] CREEPER est à la position 0 sur la carte.
[19:28:26] Demande de déplacement
[19:28:31] CREEPER avance.
[19:28:31] CREEPER est à la position 1 sur la carte.
[19:28:31] Demande de déplacement
[19:28:36] CREEPER avance.
[19:28:36] CREEPER est à la position 2 sur la carte.
[19:28:36] Demande de déplacement
[19:28:37] CREEPER avance.
[19:28:37] CREEPER est à la position 3 sur la carte.
[19:28:37] Demande de déplacement
[19:28:38] CREEPER avance.
[19:28:38] CREEPER trouve un coffre !
[19:28:38] Debut gestion coffre
[19:28:38] Demande d'ouverture ou non
[19:28:42] CREEPER a décidé de ne pas ouvrir le coffre.
[19:28:42] CREEPER est à la position 4 sur la carte.
[19:28:42] Demande de déplacement
[19:28:47] CREEPER recule.
[19:28:47] CREEPER rencontre un Brigant (73 PV) !
[19:28:47] Demande de choix d'action à attaque ou défense.
[19:28:52] CREEPER inflige 15 dégâts à Brigant
[19:28:52] Brigant inflige 42 dégâts à CREEPER
[19:28:52] Demande de choix d'action à attaque ou défense.
[19:29:03] CREEPER se défend.
[19:29:03] Brigant esquive l'attaque.
[19:29:03] Demande de choix d'action à attaque ou défense.
[19:29:09] CREEPER se défend.
[19:29:09] Brigant attaque mais CREEPER.
[19:29:09] Demande de choix d'action à attaque ou défense.
[19:29:20] CREEPER inflige 15 dégâts à Brigant
[19:29:20] Brigant inflige 42 dégâts à CREEPER
[19:29:20] Demande de choix d'action à attaque ou défense.
[19:29:27] CREEPER inflige 15 dégâts à Brigant
[19:29:27] Brigant inflige 42 dégâts à CREEPER
[19:29:27] Demande de choix d'action à attaque ou défense.
[19:29:30] CREEPER inflige 15 dégâts à Brigant
[19:29:30] Brigant inflige 42 dégâts à CREEPER
[19:29:30] CREEPER a été vaincu par Brigant
[19:29:30] PV restants après le combat: -18
[19:29:30] CREEPER a été vaincu. Fin du jeu.
