[19:43:10] Game started
[19:43:10] Génération des cartes...
[19:43:10] Cartes générées
[19:43:10] Affichage des personnages disponibles...
[19:43:10] Demande de choix de personnage
[19:43:19] Personnage choisi: HITMAN
[19:43:19] Affichage des niveaux disponibles
[19:43:19] Demande de confirmation pour lancer le niveau
[19:43:21] Niveau 1 lancé: Tour de Paris
[19:43:21] Affichage de la carte
[19:43:21] HITMAN est à la position 0 sur la carte.
[19:43:21] Demande de déplacement
[19:43:23] HITMAN avance.
[19:43:23] HITMAN rencontre un Catcheur (85 PV) !
[19:43:23] Demande de choix d'action à attaque ou défense.
[19:43:26] HITMAN attaque 4 fois et inflige 40 dégâts à Catcheur
[19:43:26] Catcheur inflige 45 dégâts à HITMAN
[19:43:26] Demande de choix d'action à attaque ou défense.
[19:43:37] Catcheur esquive l'attaque.
[19:43:37] Demande de choix d'action à attaque ou défense.
[19:43:58] HITMAN attaque 1 fois et inflige 10 dégâts à Catcheur
[19:43:58] Catcheur inflige 45 dégâts à HITMAN
[1