[19:30:41] Game started
[19:30:41] Génération des cartes...
[19:30:41] Cartes générées
[19:30:41] Affichage des personnages disponibles...
[19:30:41] Demande de choix de personnage
[19:30:43] Personnage choisi: GUERISSEUR
[19:30:43] Affichage des niveaux disponibles
[19:30:43] Demande de confirmation pour lancer le niveau
[19:30:44] Choix invalide. Veuillez entrer 'o' pour lancer, 'n' pour ne pas lancer ou 'q' pour quitter.
[19:30:44] Affichage des niveaux disponibles
[19:30:44] Demande de confirmation pour lancer le niveau
[19:30:49] Niveau 1 lancé: Tour de Paris
[19:30:49] Affichage de la carte
[19:30:49] GUERISSEUR est à la position 0 sur la carte.
[19:30:49] Demande de déplacement
[19:30:51] GUERISSEUR avance.
[19:30:51] GUERISSEUR trouve un coffre !
[19:30:51] Debut gestion coffre
[19:30:51] Demande d'ouverture ou non
[19:30:53] GUERISSEUR a décidé de ne pas ouvrir le coffre.
[19:30:53] GUERISSEUR est à la position 1 sur la carte.
[19:30:53] Demande de déplacement
[19:30:54] GUERISSEUR avance.
[19:30:54] GUERISSEUR est à la position 2 sur la carte.
[19:30:54] Demande de déplacement
[19:30:56] GUERISSEUR avance.
[19:30:56] GUERISSEUR rencontre un Ennemi spécial (174 PV) !
[19:30:56] Demande de choix d'action à attaque ou défense.
[19:31:01] GUERISSEUR se défend.
[19:31:01] Ennemi spécial attaque mais GUERISSEURse défend.
[19:31:01] Demande de choix d'action à attaque ou défense.
[19:31:09] GUERISSEUR se défend.
[19:31:09] Ennemi spécial esquive l'attaque.
[19:31:09] Demande de choix 