[19:21:03] Game started
[19:21:03] Génération des cartes...
[19:21:03] Cartes générées
[19:21:03] Affichage des personnages disponibles...
[19:21:03] Demande de choix de personnage
[19:21:05] Personnage choisi: HITMAN
[19:21:05] Affichage des niveaux disponibles
[19:21:05] Demande de confirmation pour lancer le niveau
[19:21:08] Niveau 1 lancé: Tour de Paris
[19:21:08] Affichage de la carte
[19:21:08] HITMAN est à la position 0 sur la carte.
[19:21:08] Demande de déplacement
[19:21:11] HITMAN avance.
[19:21:11] HITMAN est à la position 1 sur la carte.
[19:21:11] Demande de déplacement
[19:21:14] HITMAN avance.
[19:21:14] HITMAN trouve un coffre !
[19:21:14] Debut gestion coffre
[19:21:14] Demande d'ouverture ou non
[19:21:16] HITMAN a décidé de ne pas ouvrir le coffre.
[19:21:16] HITMAN est à la position 2 sur la carte.
[19:21:16] Demande de déplacement
[19:21:17] HITMAN avance.
[19:21:17] HITMAN est à la position 3 sur la carte.
[19:21:17] Demande de déplacement
[19:21:18] HITMAN avance.
[19:21:18] HITMAN rencontre un Brigant (98 PV) !
[19:21:18] Demande de choix d'action à attaque ou défense.
[19:21:31] HITMAN inflige 10 dégâts à Brigant
[19:21:31] Brigant inflige 1 dégâts à HITMAN
[19:21:31] Demande de choix d'action à attaque ou défense.
[19:21:46] HITMAN se défend.
[19:21:46] Demande de choix d'action à attaque ou défense.
[19:21:53] HITMAN se défend.
[19:21:53] Demande de choix d'action à attaque ou défense.
[19:21:55] HITMAN se défend.
[19:21:55] Demande de choix d'action à attaque ou défense.
[19:21:55] HITMAN se défend.
[19:21:55] Demande de choix d'action à attaque ou défense.
[19:21:56] HITMAN se défend.
[19:21:56] Brigant esquive l'attaque.
[19:21:56] Demande de choix d'action à attaque ou défense.
[19:21:56] HITMAN se défend.
[19:21:56] Brigant esquive l'attaque.
[19:21:56] Demande de choix d'action à attaque ou défense.
[19:21:56] HITMAN se défend.
[19:21:56] Demande de choix d'action à attaque ou défense.
[19:21:58] HITMAN se défend.
[19:21:58] Demande de choix d'action à attaque ou défense.
[19:21:59] Brigant esquive l'attaque.
[19:21:59] Demande de choix d'action à attaque ou défense.
[19:22:03] Brigant esquive l'attaque.
[19:22:03] Demande de choix d'action à attaque ou défense.
[19:22:04] Brigant esquive l'attaque.
[19:22:04] Demande de choix d'action à attaque ou défense.
[19:22:05] HITMAN inflige 10 dégâts à Brigant
[19:22:05] Brigant inflige 1 dégâts à HITMAN
[19:22:05] Demande de choix d'action à attaque ou défense.
[19:22:07] Br