[12:30:33] Game started
[12:30:33] Génération des cartes...
[12:30:33] Cartes générées
[12:30:33] Affichage des personnages disponibles...
[12:30:33] Demande de choix de personnage
[12:30:49] Personnage choisi: CREEPER
[12:30:49] Affichage des niveaux disponibles
[12:30:49] Demande de confirmation pour lancer le niveau
[12:30:56] Niveau 1 lancé: Tour de Paris
[12:30:56] Affichage de la carte
[12:30:56] CREEPER est à la position 0 sur la carte.
[12:30:56] Demande de déplacement
[12:31:01] CREEPER avance.
[12:31:01] CREEPER est à la position 1 sur la carte.
[12:31:01] Demande de déplacement
[12:31:10] CREEPER recule.
[12:31:10] CREEPER rencontre un Brigant (6 PV) !
[12:31:19] CREEPER se défend.
[12:31:19] Brigant attaque mais CREEPER se défend et ne prend aucun dégât.
[12:31:26] CREEPER se défend.
[12:31:26] Brigant se défend.
[12:31:29] CREEPER se défend.
[12:31:29] Brigant attaque mais CREEPER se défend et ne prend aucun dégât.
[12:31:32] CREEPER se défend.
[12:31:32] Brigant attaque mais CREEPER se défend et ne prend aucun dégât.
[12:31:34] CREEPER se défend.
[12:31:34] Brigant se défend.
[12:31:36] CREEPER se défend.
[12:31:36] Brigant se défend.
[12:31:37] CREEPER se défend.
[12:31:37] Brigant attaque mais CREEPER se défend et ne prend aucun dégât.
[12:31:46] CREEPER inflige 13 dégâts à Brigant
[12:31:46] Brigant a été vaincu par CREEPER
[12:31:46] PV restants après le combat: 200
[12:31:46] CREEPER est à la position 0 sur la carte.
[12:31:46] Demande de déplacement
[12:31:54] CREEPER avance.
[12:31:54] CREEPER est à la position 1 sur la carte.
[12:31:54] Demande de déplacement
[12:31:55] CREEPER avance.
[12:31:55] CREEPER est à la position 2 sur la carte.
[12:31:55] Demande de déplacement
[12:31:56] CREEPER avance.
[12:31:56] CREEPER est à la position 3 sur la carte.
[12:31:56] Demande de déplacement
[12:31:57] CREEPER avance.
[12:31:57] CREEPER est à la position 4 sur la carte.
[12:31:57] Demande de déplacement
[12:31:59] CREEPER avance.
[12:31:59] CREEPER a atteint la fin de la carte.
[12:31:59] PV restants à la fin de la carte: 200
[12:32:00] Passage au niveau 2: Tour de New York
[12:32:00] Position réinitialisée à 0
[12:32:00] CREEPER est à la position 0 sur la carte.
[12:32:00] Demande de déplacement
[12:32:02] CREEPER avance.
[12:32:02] CREEPER est à la position 1 sur la carte.
[12:32:02] Demande de déplacement
[12:32:02] CREEPER avance.
[12:32:02] CREEPER est à la position 2 sur la carte.
[12:32:02] Demande de déplacement
[12:32:03] CREEPER avance.
[12:32:03] CREEPER est à la position 3 sur la carte.
[12:32:03] Demande de déplacement
[12:32:05] CREEPER avance.
[12:32:05] CREEPER rencontre un Sniper (10 PV) !
[12:32:10] CREEPER se défend.
[12:32:10] Sniper attaque mais CREEPER se défend et ne prend aucun dégât.
[12:32:17] CREEPER inflige 6 dégâts à Sniper
[12:32:17] Sniper inflige 19 dégâts à CREEPER
[12:32:23] CREEPER inflige 19 dégâts à Sniper
[12:32:23] Sniper a été vaincu par CREEPER
[12:32:23] PV restants après le combat: 181
[12:32:23] CREEPER est à la position 4 sur la carte.
[12:32:23] Demande de déplacement
[12:32:26] CREEPER avance.
[12:32:26] CREEPER rencontre un Catcheur (128 PV) !
[12:32:31] CREEPER inflige 2 dégâts à Catcheur
[12:32:31] Catcheur se défend.
[12:32:32] CREEPER inflige 6 dégâts à Catcheur
[12:32:32] Catcheur inflige 16 dégâts à CREEPER
[12:32:32] CREEPER inflige 5 dégâts à Catcheur
[12:32:32] Catcheur inflige 10 dégâts à CREEPER
[12:32:33] CREEPER inflige 4 dégâts à Catcheur
[12:32:33] Catcheur inflige 6 dégâts à CREEPER
[12:32:34] CREEPER inflige 18 dégâts à Catcheur
[12:32:34] Catcheur se défend.
[12:32:35] CREEPER inflige 18 dégâts à Catcheur
[12:32:35] Catcheur se défend.
[12:32:35] CREEPER inflige 11 dégâts à Catcheur
[12:32:35] Catcheur se défend.
[12:32:36] CREEPER inflige 1 dégâts à Catcheur
[12:32:36] Catcheur inflige 15 dégâts à CREEPER
[12:32:36] CREEPER inflige 15 dégâts à Catcheur
[12:32:36] Catcheur inflige 1 dégâts à CREEPER
[12:32:36] CREEPER inflige 8 dégâts à Catcheur
[12:32:36] Catcheur inflige 4 dégâts à CREEPER
[12:32:37] CREEPER inflige 14 dégâts à Catcheur
[12:32:37] Catcheur inflige 6 dégâts à CREEPER
[12:32:37] CREEPER inflige 3 dégâts à Catcheur
[12:32:37] Catcheur se défend.
[12:32:37] CREEPER inflige 20 dégâts à Catcheur
[12:32:37] Catcheur inflige 6 dégâts à CREEPER
[12:32:38] CREEPER inflige 12 dégâts à Catcheur
[12:32:38] Catcheur a été vaincu par CREEPER
[12:32:38] PV restants après le combat: 117
[12:32:38] CREEPER est à la position 5 sur la carte.
[12:32:38] Demande de déplacement
[12:32:44] CREEPER avance.
[12:32:44] CREEPER rencontre un Catcheur (118 PV) !
[12:32:44] CREEPER inflige 3 dégâts à Catcheur
[12:32:44] Catcheur se défend.
[12:32:45] CREEPER inflige 17 dégâts à Catcheur
[12:32:45] Catcheur inflige 20 dégâts à CREEPER
[12:32:45] CREEPER inflige 15 dégâts à Catcheur
[12:32:45] Catcheur se défend.
[12:32:45] CREEPER inflige 17 dégâts à Catcheur
[12:32:45] Catcheur inflige 14 dégâts à CREEPER
[12:32:45] CREEPER inflige 13 dégâts à Catcheur
[12:32:45] Catcheur inflige 3 dégâts à CREEPER
[12:32:46] CREEPER inflige 8 dégâts à Catcheur
[12:32:46] Catcheur se défend.
[12:32:46] CREEPER inflige 7 dégâts à Catcheur
[12:32:46] Catcheur se défend.
[12:32:46] CREEPER inflige 10 dégâts à Catcheur
[12:32:46] Catcheur inflige 4 dégâts à CREEPER
[12:32:46] CREEPER inflige 11 dégâts à Catcheur
[12:32:46] Catcheur inflige 3 dégâts à CREEPER
[12:32:47] CREEPER inflige 1 dégâts à Catcheur
[12:32:47] Catcheur inflige 3 dégâts à CREEPER
[12:32:47] CREEPER inflige 12 dégâts à Catcheur
[12:32:47] Catcheur inflige 20 dégâts à CREEPER
[12:32:47] CREEPER inflige 16 dégâts à Catcheur
[12:32:47] Catcheur a été vaincu par CREEPER
[12:32:47] PV restants après le combat: 50
[12:32:47] CREEPER est à la position 6 sur la carte.
[12:32:47] Demande de déplacement
[12:32:48] CREEPER avance.
[12:32:48] CREEPER a atteint la fin de la carte.
[12:32:48] PV restants à la fin de la carte: 50
[12:32:50] Passage au niveau 3: Tour de Tokyo
[12:32:50] Position réinitialisée à 0
[12:32:50] CREEPER est à la position 0 sur la carte.
[12:32:50] Demande de déplacement
[12:32:51] CREEPER avance.
[12:32:51] CREEPER est à la position 1 sur la carte.
[12:32:51] Demande de déplacement
[12:32:52] CREEPER avance.
[12:32:52] CREEPER est à la position 2 sur la carte.
[12:32:52] Demande de déplacement
[12:32:53] CREEPER avance.
[12:32:53] CREEPER est à la position 3 sur la carte.
[12:32:53] Demande de déplacement
[12:32:53] CREEPER avance.
[12:32:53] CREEPER est à la position 4 sur la carte.
[12:32:53] Demande de déplacement
[12:32:54] CREEPER avance.
[12:32:54] CREEPER est à la position 5 sur la carte.
[12:32:54] Demande de déplacement
[12:32:54] CREEPER avance.
[12:32:54] CREEPER rencontre un Catcheur (46 PV) !
[12:32:57] CREEPER se défend.
[12:32:57] Catcheur attaque mais CREEPER se défend et ne prend aucun dégât.
[12:32:57] CREEPER inflige 17 dégâts à Catcheur
[12:32:57] Catcheur se défend.
[12:32:58] CREEPER se défend.
[12:32:58] Catcheur se défend.
[12:33:00] CREEPER se défend.
[12:33:00] Catcheur se défend.
[12:33:00] CREEPER se défend.
[12:33:00] Catcheur se défend.
[12:33:01] CREEPER se défend.
[12:33:01] Catcheur se défend.
[12:33:02] CREEPER inflige 6 dégâts à Catcheur
[12:33:02] Catcheur se défend.
[12:33:03] CREEPER inflige 4 dégâts à Catcheur
[12:33:03] Catcheur inflige 20 dégâts à CREEPER
[12:33:03] CREEPER inflige 20 dégâts à Catcheur
[12:33:03] Catcheur a été vaincu par CREEPER
[12:33:03] PV restants après le combat: 30
[12:33:03] CREEPER a atteint la fin de la carte.
[12:33:03] PV restants à la fin de la carte: 30
