[22:32:25] Game started
[22:32:25] Génération des cartes...
[22:32:25] Cartes générées
[22:32:25] Affichage des personnages disponibles...
[22:32:25] Demande de choix de personnage
[22:32:28] Personnage choisi: HITMAN
[22:32:28] Affichage des niveaux disponibles
[22:32:28] Demande de confirmation pour lancer le niveau
[22:32:32] Niveau 1 lancé: Tour de Paris
[22:32:32] Affichage de la carte
[22:32:32] HITMAN est à la position 0 sur la carte.
[22:32:32] Demande de déplacement
[22:32:34] HITMAN avance.
[22:32:34] HITMAN est à la position 1 sur la carte.
[22:32:34] Demande de déplacement
[22:32:35] HITMAN avance.
[22:32:35] HITMAN rencontre un Brigant !
[22:32:37] HITMAN inflige 5 dégâts à Brigant
[22:32:37] Brigant se défend.
[22:32:43] HITMAN inflige 15 dégâts à Brigant
[22:32:43] Brigant a été vaincu par HITMAN
[22:32:43] PV restants après le combat: 200
[22:32:43] HITMAN est à la position 2 sur la carte.
[22:32:43] Demande de déplacement
[22:33:25] HITMAN avance.
[22:33:25] HITMAN est 