[22:45:39] Game started
[22:45:39] Génération des cartes...
[22:45:39] Cartes générées
[22:45:39] Affichage des personnages disponibles...
[22:45:39] Demande de choix de personnage
[22:45:44] Personnage choisi: HITMAN
[22:45:44] Affichage des niveaux disponibles
[22:45:44] Demande de confirmation pour lancer le niveau
[22:45:47] Niveau 1 lancé: Tour de Paris
[22:45:47] Affichage de la carte
[22:45:47] HITMAN est à la position 0 sur la carte.
[22:45:47] Demande de déplacement
[22:45:48] HITMAN avance.
[22:45:48] HITMAN trouve un coffre !
[22:45:48] Debut gestion coffre
[22:45:48] Demande d'ouverture ou non
[22:45:51] HITMAN a décidé de ne pas ouvrir le coffre.
[22:45:51] HITMAN est à la position 1 sur la carte.
[22:45:51] Demande de déplacement
[22:45:53] HITMAN avance.
[22:45:53] HITMAN est à la position 2 sur la carte.
[22:45:53] Demande de déplacement
[22:45:54] HITMAN avance.
[22:45:54] HITMAN rencontre un CRS !
[22:45:56] HITMAN inflige 11 dégâts à CRS
[22:45:56] CRS inflige 17 dégâts à HITMAN
[22:46:00] HITMAN se défend.
[22:46:00] CRS attaque mais HITMAN se défend et ne prend aucun dégât.
[22:46:04] HITMAN inflige 11 dégâts à CRS
[22:46:04] CRS inflige 12 dégâts à HITMAN
[22:46:06] HITMAN se défend.
[22:46:06] CRS attaque mais HITMAN se défend et ne prend aucun dégât.
[22:46:15] HITMAN se défend.
[22:46:15] CRS se défend.
[22:46:16] HITMAN attaque mais CRS se défend et ne prend aucun dégât.
[22:46:16] CRS inflige 10 dégâts à HITMAN
[22:46:26] HITMAN inflige 1 dégâts à CRS
[22:46:26] CRS inflige 10 dégâts à HITMAN
[22:46:27] HITMAN inflige 5 dégâts à CRS
[22:46:27] CRS se défend.
[22:46:28] HITMAN attaque mais CRS se défend et ne prend aucun dégât.
[22:46:28] CRS se défend.
[22:46:29] HITMAN attaque mais CRS se défend et ne prend aucun dégât.
[22:46:29] CRS se défend.
[22:46:30] HITMAN attaque mais CRS se défend et ne prend aucun dégât.
[22:46:30] CRS inflige 11 dégâts à HITMAN
[22:46:31] HITMAN inflige 6 dégâts à CRS
[22:46:31] CRS a ét