[22:43:07] Game started
[22:43:07] Génération des cartes...
[22:43:07] Cartes générées
[22:43:07] Affichage des personnages disponibles...
[22:43:07] Demande de choix de personnage
[22:43:09] Personnage choisi: HITMAN
[22:43:09] Affichage des niveaux disponibles
[22:43:09] Demande de confirmation pour lancer le niveau
[22:43:12] Niveau 1 lancé: Tour de Paris
[22:43:12] Affichage de la carte
[22:43:12] HITMAN est à la position 0 sur la carte.
[22:43:12] Demande de déplacement
[22:43:13] HITMAN avance.
[22:43:13] HITMAN est à la position 1 sur la carte.
[22:43:13] Demande de déplacement
[22:43:15] HITMAN avance.
[22:43:15] HITMAN rencontre un Catcheur !
[22:43:16] HITMAN inflige 19 dégâts à Catcheur
[22:43:16] Catcheur se défend.
[22:43:20] HITMAN attaque mais Catcheur se défend et ne prend aucun dégât.
[22:43:20] Catcheur se défend.
[22:43:23] HITMAN attaque mais Catcheur se défend et ne prend aucun dégât.
[22:43:23] Catcheur inflige 15 dégâts à HITMAN
[22:43:26] HITMAN se défend.
[22:43:26] Catcheur attaque mais HITMAN se défend et ne prend aucun dégât.
[22:43:30] HITMAN se défend.
[22:43:30] Catcheur se défend.
[22:43:32] HITMAN se défend.
[22:43:32] Catcheur se défend.
[22:43:33] HITMAN se défend.
[22:43:33] Catcheur attaque mais HITMAN se défend et ne prend aucun dégât.
[22:43:34] HITMAN inflige 10 dégâts à Catcheur
[22:43:34] Catcheur se défend.
[22:43:37] HITMAN se défend.
[22:43:37] Catcheur se défend.
[22:43:38] HITMAN se défend.
[22:43:38] Catcheur attaque mais HITMAN se défend et ne prend aucun dégât.
[22:43:39] HITMAN inflige 7 dégâts à Catcheur
[22:43:39] Catcheur inflige 11 dégâts à HITMAN
[22:43:41] HITMAN se défend.
[22:43:41] Catcheur se défend.
[22:43:41] HITMAN se défend.
[22:43:41] Catcheur se défend.
[22:43:42] HITMAN attaque mais Catcheur se défend et ne prend aucun dégât.
[22:43:42] Catcheur inflige 15 dégâts à HITMAN
[22:43:43] HITMAN se défend.
[22:43:43] Catcheur se défend.
[22:43:44] HITMAN se défend.
[22:43:44] Catcheur se défend.
[22:43:44] HITMAN attaque mais Catcheur se défend et ne prend aucun dégât.
[22:43:44] Catcheur inflige 14 dégâts à HITMAN
[22:43:46] HITMAN se défend.
[22:43:46] Catcheur se défend.
[22:43:46] HITMAN attaque mais Catcheur se défend et ne prend aucun dégât.
[22:43:46] Catcheur inflige 15 dégâts à HITMAN
[22:43:47] HITMAN inflige 13 dégâts à Catcheur
[22:43:47] Catcheur inflige 12 dégâts à HITMAN
[22:43:48] HITMAN inflige 4 dégâts à Catcheur
[22:43:48] Catcheur inflige 10 dégâts à HITMAN
[22:43:49] HITMAN se défend.
[22:43:49] Catcheur se défend.
[22:43:50] HITMAN attaque mais Catcheur se défend et ne prend aucun dégât.
[22:43:50] Catcheur se défend.
[22:43:51] HITMAN se défend.
[22:43:51] Catcheur se défend.
[22:43:51] HITMAN attaque mais Catcheur se défend et ne prend aucun dégât.
[22:43:51] Catcheur se défend.
[22:43:52] HITMAN attaque mais Catcheur se défend et ne prend aucun dégât.
[22:43:52] Catcheur se défend.
[22:43:52] HITMAN attaque mais Catcheur se défend et ne prend aucun dégât.
[22:43:52] Catcheur inflige 9 dégâts à HITMAN
[22:43:52] HITMAN inflige 16 dégâts à Catcheur
[22:43:52] Catcheur inflige 16 dégâts à HITMAN
[22:43:53] HITMAN inflige 15 dégâts à Catcheur
[22:43:53] Catcheur se défend.
[22:43:53] HITMAN attaque mais Catcheur se défend et ne prend aucun dégât.
[22:43:53] Catcheur se défend.
[22:43:54] HITMAN attaque mais Catcheur se défend et ne prend aucun dégât.
[22:43:54] Catcheur se défend.
[22:43:55] HITMAN attaque mais Catcheur se défend et ne prend aucun dégât.
[22:43:55] Catcheur inflige 7 dégâts à HITMAN
[22:43:55] HITMAN inflige 10 dégâts à Catcheur
[22:43:55] Catcheur inflige 3 dégâts à HITMAN
[22:43:55] HITMAN inflige 8 dégâts à Catcheur
[22:43:55] Catcheur se défend.
[22:43:55] HITMAN attaque mais Catcheur se défend et ne prend aucun dégât.
[22:43:55] Catcheur inflige 1 dégâts à HITMAN
[22:43:56] HITMAN inflige 19 dégâts à Catcheur
[22:43:56] Catcheur a été vaincu par HITMAN
[22:43:56] PV restants après le combat: 72
[22:43:56] HITMAN est à la position 2 sur la carte.
[22:43:56] Demande de déplacement
[22:43:56] HITMAN avance.
[22:43:56] HITMAN rencontre un Brigant !
[22:43:57] HITMAN inflige 5 dégâts à Brigant
[22:43:57] Brigant se défend.
[22:43:57] HITMAN attaque mais Brigant se défend et ne prend aucun dégât.
[22:43:57] Brigant se défend.
[22:43:57] HITMAN attaque mais Brigant se défend et ne prend aucun dégât.
[22:43:57] Brigant se défend.
[22:43:58] HITMAN attaque mais Brigant se défend et ne prend aucun dégât.
[22:43:58] Brigant inflige 3 dégâts à HITMAN
[22:43:58] HITMAN inflige 16 dégâts à Brigant
[22:43:58] Brigant se défend.
[22:43:58] HITMAN attaque mais Brigant se défend et ne prend aucun dégât.
[22:43:58] Brigant inflige 2 dégâts à HITMAN
[22:43:59] HITMAN inflige 3 dégâts à Brigant
[22:43:59] Brigant se défend.
[22:43:59] HITMAN attaque mais Brigant se défend et ne prend aucun dégât.
[22:43:59] Brigant se défend.
[22:43:59] HITMAN attaque mais Brigant se défend et ne prend aucun dégât.
[22:43:59] Brigant inflige 6 dégâts à HITMAN
[22:44:00] HITMAN inflige 13 dégâts à Brigant
[22:44:00] Brigant se défend.
[22:44:00] HITMAN attaque mais Brigant se défend et ne prend aucun dégât.
[22:44:00] Brigant se défend.
[22:44:01] HITMAN attaque mais Brigant se défend et ne prend aucun dégât.
[22:44:01] Brigant inflige 16 dégâts à HITMAN
[22:44:01] HITMAN inflige 9 dégâts à Brigant
[22:44:01] Brigant se défend.
[22:44:02] HITMAN attaque mais Brigant se défend et ne prend aucun dégât.
[22:44:02] Brigant se défend.
[22:44:02] HITMAN attaque mais Brigant se défend et ne prend aucun dégât.
[22:44:02] Brigant se défend.
[22:44:02] HITMAN attaque mais Brigant se défend et ne prend aucun dégât.
[22:44:02] Brigant se défend.
[22:44:03] HITMAN attaque mais Brigant se défend et ne prend aucun dégât.
[22:44:03] Brigant se défend.
[22:44:03] HITMAN attaque mais Brigant se défend et ne prend aucun dégât.
[22:44:03] Brigant inflige 14 dégâts à HITMAN
[22:44:03] HITMAN inflige 17 dégâts à Brigant
[22:44:03] Brigant se défend.
[22:44:04] HITMAN attaque mais Brigant se défend et ne prend aucun dégât.
[22:44:04] Brigant se défend.
[22:44:04] HITMAN attaque mais Brigant se défend et ne prend aucun dégât.
[22:44:04] Brigant inflige 16 dégâts à HITMAN
[22:44:04] HITMAN inflige 4 dégâts à Brigant
[22:44:04] Brigant inflige 20 dégâts à HITMAN
[22:44:04] HITMAN a été vaincu par Brigant
[22:44:04] PV restants après le combat: -5
[22:44:04] HITMAN a été vaincu. Fin du jeu.
