[22:34:42] Game started
[22:34:42] Génération des cartes...
[22:34:42] Cartes générées
[22:34:42] Affichage des personnages disponibles...
[22:34:42] Demande de choix de personnage
[22:34:44] Personnage choisi: HITMAN
[22:34:44] Affichage des niveaux disponibles
[22:34:44] Demande de confirmation pour lancer le niveau
[22:34:48] Niveau 1 lancé: Tour de Paris
[22:34:48] Affichage de la carte
[22:34:48] HITMAN est à la position 0 sur la carte.
[22:34:48] Demande de déplacement
[22:34:50] HITMAN avance.
[22:34:50] HITMAN est à la position 1 sur la carte.
[22:34:50] Demande de déplacement
[22:34:51] HITMAN avance.
[22:34:51] HITMAN est à la position 2 sur la carte.
[22:34:51] Demande de déplacement
[22:34:52] HITMAN avance.
[22:34:52] HITMAN est à la position 3 sur la carte.
[22:34:52] Demande de déplacement
[22:34:53] HITMAN avance.
[22:34:53] HITMAN rencontre un Sniper !
[22:34:56] HITMAN se défend.
[22:34:56] Sniper attaque mais HITMAN se défend et ne prend aucun dégât.
[22:35:03] HITMAN infl