[22:52:34] Game started
[22:52:34] Génération des cartes...
[22:52:34] Cartes générées
[22:52:34] Affichage des personnages disponibles...
[22:52:34] Demande de choix de personnage
[22:52:37] Personnage choisi: HITMAN
[22:52:37] Affichage des niveaux disponibles
[22:52:37] Demande de confirmation pour lancer le niveau
[22:52:39] Niveau 1 lancé: Tour de Paris
[22:52:39] Affichage de la carte
[22:52:39] HITMAN est à la position 0 sur la carte.
[22:52:39] Demande de déplacement
[22:52:41] HITMAN avance.
[22:52:41] HITMAN rencontre un Brigant !
[22:52:42] HITMAN inflige 6 dégâts à Brigant
[22:52:42] Brigant a été vaincu par HITMAN
[22:52:42] PV restants après le combat: 200
[22:52:42] HITMAN est à la position 1 sur la carte.
[22:52:42] Demande de déplacement
[22:52:54] HITMAN avance.
[22:52:54] HITMAN est à la position 2 sur la carte.
[22:52:54] Demande de déplacement
[22:52:55] HITMAN avance.
[22:52:55] HITMAN rencontre un Sniper !
[22:52:56] HITMAN inflige 7 dégâts à Sniper
[22:52:56] Snipe