[22:19:38] Game started
[22:19:38] Génération des cartes...
[22:19:38] Cartes générées
[22:19:38] Affichage des personnages disponibles...
[22:19:38] Demande de choix de personnage
[22:19:49] Personnage choisi: HITMAN
[22:19:49] Affichage des niveaux disponibles
[22:19:49] Demande de confirmation pour lancer le niveau
[22:19:57] Niveau 1 lancé: Tour de Paris
[22:19:57] Affichage de la carte
[22:19:57] HITMAN est à la position 0 sur la carte.
[22:19:57] Demande de déplacement
[22:20:05] HITMAN avance.
[22:20:05] HITMAN est à la position 1 sur la carte.
[22:20:05] Demande de déplacement
[22:20:06] HITMAN avance.
[22:20:06] HITMAN est à la position 2 sur la carte.
[22:20:06] Demande de déplacement
[22:20:08] HITMAN avance.
[22:20:08] HITMAN est à la position 3 sur la carte.
[22:20:08] Demande de déplacement
[22:20:09] HITMAN avance.
[22:20:09] HITMAN est à la position 4 sur la carte.
[22:20:09] Demande de déplacement
[22:20:10] HITMAN avance.
[22:20:10] HITMAN rencontre un Ennemi spécial !
[22:20:10] HITMAN combat Ennemi spécial
[22:20:16] HITMAN inflige 5 dégâts à Ennemi spécial
[22:20:16] Ennemi spécial inflige 34 dégâts à HITMAN
[22:20:23] HITMAN inflige 5 dégâts à Ennemi spécial
[22:20:23] Ennemi spécial inflige 34 dégâts à HITMAN
[22:20:23] HITMAN inflige 5 dégâts à Ennemi spécial
[22:20:23] Ennemi spécial inflige 34 dégâts à HITMAN
[22:20:23] HITMAN inflige 5 dégâts à Ennemi spécial
[22:20:23] Ennemi spécial inflige 34 dégâts à HITMAN
[22:20:23] HITMAN inflige 5 dégâts à Ennemi spécial
[22:20:23] Ennemi spécial inflige 34 dégâts à HITMAN
[22:20:23] HITMAN inflige 5 dégâts à Ennemi spécial
[22:20:23] Ennemi spécial inflige 34 dégâts à HITMAN
[22:20:23] HITMAN a été vaincu par Ennemi spécial
[22:20:23] PV restants après le combat: -4
[22:20:23] HITMAN a été vaincu. Fin du jeu.
