[22:20:32] Game started
[22:20:32] Génération des cartes...
[22:20:32] Cartes générées
[22:20:32] Affichage des personnages disponibles...
[22:20:32] Demande de choix de personnage
[22:20:34] Personnage choisi: HITMAN
[22:20:34] Affichage des niveaux disponibles
[22:20:34] Demande de confirmation pour lancer le niveau
[22:20:36] Niveau 1 lancé: Tour de Paris
[22:20:36] Affichage de la carte
[22:20:36] HITMAN est à la position 0 sur la carte.
[22:20:36] Demande de déplacement
[22:20:39] HITMAN avance.
[22:20:39] HITMAN est à la position 1 sur la carte.
[22:20:39] Demande de déplacement
[22:20:41] HITMAN avance.
[22:20:41] HITMAN est à la position 2 sur la carte.
[22:20:41] Demande de déplacement
[22:20:41] HITMAN avance.
[22:20:41] HITMAN est à la position 3 sur la carte.
[22:20:41] Demande de déplacement
[22:20:42] HITMAN avance.
[22:20:42] HITMAN est à la position 4 sur la carte.
[22:20:42] Demande de déplacement
[22:20:43] HITMAN avance.
[22:20:43] HITMAN rencontre un Sniper !
[22:20:43] HITMAN combat Sniper
[22:20:46] HITMAN inflige 5 dégâts à Sniper
[22:20:46] Sniper inflige 46 dégâts à HITMAN
[22:20:54] HITMAN inflige 5 dégâts à Sniper
[22:20:54] Sniper inflige 46 dégâts à HITMAN
[22:20:58] HITMAN inflige 5 dégâts à Sniper
[22:20:58] Sniper inflige 46 dégâts à HITMAN
[22:20:58] HITMAN inflige 5 dégâts à Sniper
[22:20:58] Sniper inflige 46 dégâts à HITMAN
[22:20:58] HITMAN inflige 5 dégâts à Sniper
[22:20:58] Sniper inflige 46 dégâts à HITMAN
[22:20:58] HITMAN a été vaincu par Sniper
[22:20:58] PV restants après le combat: -30
[22:20:58] HITMAN a été vaincu. Fin du jeu.
