[18:00:42] Game started
[18:00:42] Génération des cartes...
[18:00:42] Cartes générées
[18:00:42] Affichage des personnages disponibles...
[18:00:42] Demande de choix de personnage
[18:00:45] Personnage choisi: HITMAN
[18:00:45] Affichage des niveaux disponibles
[18:00:45] Demande de confirmation pour lancer le niveau
[18:00:47] Niveau 1 lancé: Tour de Paris
[18:00:47] Affichage de la carte
[18:00:47] HITMAN est à la position 0 sur la carte.
[18:00:47] Demande de déplacement
[18:00:48] Choix de déplacement invalide
[18:00:48] HITMAN est à la position 0 sur la carte.
[18:00:48] Demande de déplacement
[18:00:56] HITMAN avance.
[18:00:56] HITMAN est à la position 1 sur la carte.
[18:00:56] Demande de déplacement
[18:01:00] HITMAN recule.
[18:01:00] HITMAN rencontre un CRS (62 PV) !
[18:01:05] HITMAN se défend.
[18:01:05] CRS se défend.
[18:01:08] HITMAN se défend.
[18:01:08] CRS attaque mais HITMAN se défend et ne prend aucun dégât.
[18:01:11] HITMAN inflige 3 dégâts à CRS
[18:01:11] CRS inflige 11 dégâts à HITMAN
[18:01:14] HITMAN inflige 14 dégâts à CRS
[18:01:14] CRS inflige 20 dégâts à HITMAN
[18:01:15] HITMAN inflige 20 dégâts à CRS
[18:01:15] CRS se défend.
[18:01:17] HITMAN se défend.
[18:01:17] CRS attaque mais HITMAN se défend et ne prend aucun dégât.
[18:01:22] HITMAN inflige 6 dégâts à CRS
[18:01:22] CRS se défend.
[18:01:23] HITMAN inflige 5 dégâts à CRS
[18:01:23] CRS inflige 16 dégâts à HITMAN
[18:01:25] HITMAN inflige 14 dégâts à CRS
[18:01:25] CRS