[19:39:11] Game started
[19:39:11] Génération des cartes...
[19:39:11] Cartes générées
[19:39:11] Affichage des personnages disponibles...
[19:39:11] Demande de choix de personnage
[19:39:14] Personnage choisi: HITMAN
[19:39:14] Affichage des niveaux disponibles
[19:39:14] Demande de confirmation pour lancer le niveau
[19:39:15] Niveau 1 lancé: Tour de Paris
[19:39:15] Affichage de la carte
[19:39:15] HITMAN est à la position 0 sur la carte.
[19:39:15] Demande de déplacement
[19:39:17] HITMAN avance.
[19:39:17] HITMAN est à la position 1 sur la carte.
[19:39:17] Demande de déplacement
[19:39:18] HITMAN avance.
[19:39:18] HITMAN est à la position 2 sur la carte.
[19:39:18] Demande de déplacement
[19:39:18] HITMAN avance.
[19:39:18] HITMAN rencontre un Brigant (78 PV) !
[19:39:18] Demande de choix d'action à attaque ou défense.
[19:39:22] Brigant esquive l'attaque.
[19:39:22] Demande de choix d'action à attaque ou défense.
[19:39:27] Brigant esquive l'attaque.
[19:39:27] Demande de choix d'actio