[22:56:46] Game started
[22:56:46] Génération des cartes...
[22:56:46] Cartes générées
[22:56:46] Affichage des personnages disponibles...
[22:56:46] Demande de choix de personnage
[22:56:48] Personnage choisi: HITMAN
[22:56:48] Affichage des niveaux disponibles
[22:56:48] Demande de confirmation pour lancer le niveau
[22:56:50] Niveau 1 lancé: Tour de Paris
[22:56:50] Affichage de la carte
[22:56:50] HITMAN est à la position 0 sur la carte.
[22:56:50] Demande de déplacement
[22:56:54] HITMAN avance.
[22:56:54] HITMAN est à la position 1 sur la carte.
[22:56:54] Demande de déplacement
[22:56:55] HITMAN avance.
[22:56:55] HITMAN trouve un coffre !
[22:56:55] Debut gestion coffre
[22:56:55] Demande d'ouverture ou non
[22:56:57] HITMAN a décidé de ne pas ouvrir le coffre.
[22:56:57] HITMAN est à la position 2 sur la carte.
[22:56:57] Demande de déplacement
[22:56:58] HITMAN avance.
[22:56:58] HITMAN rencontre un Catcheur (93 PV) !
[22:57:00] HITMAN inflige 10 dégâts à Catcheur
[22:57:00] Catcheu