[18:02:59] Game started
[18:02:59] Génération des cartes...
[18:02:59] Cartes générées
[18:02:59] Affichage des personnages disponibles...
[18:02:59] Demande de choix de personnage
[18:03:01] Personnage choisi: HITMAN
[18:03:01] Affichage des niveaux disponibles
[18:03:01] Demande de confirmation pour lancer le niveau
[18:03:03] Niveau 1 lancé: Tour de Paris
[18:03:03] Affichage de la carte
[18:03:03] HITMAN est à la position 0 sur la carte.
[18:03:03] Demande de déplacement
[18:03:09] HITMAN avance.
[18:03:09] HITMAN rencontre un Sniper (50 PV) !
[18:03:12] HITMAN inflige 11 dégâts à Sniper
[18:03:12] Sniper se défend.
[18:03:13] HITMAN inflige 18 dégâts à Sniper
[18:03:13] Sniper inflige 9 dégâts à HITMAN
[18:03:14] HITMAN inflige 12 dégâts à Sniper
[18:03:14] Sniper inflige 13 dégâts à HITMAN
[18:03:15] HITMAN inflige 7 dégâts à Sniper
[18:03:15] Sniper se défend.
[18:03:16] HITMAN inflige 3 dégâts à Sniper
[18:03:16] Sniper a été vaincu par HITMAN
[18:03:16] PV restants ap