[22:37:41] Game started
[22:37:41] Génération des cartes...
[22:37:41] Cartes générées
[22:37:41] Affichage des personnages disponibles...
[22:37:41] Demande de choix de personnage
[22:37:43] Personnage choisi: HITMAN
[22:37:43] Affichage des niveaux disponibles
[22:37:43] Demande de confirmation pour lancer le niveau
[22:37:46] Niveau 1 lancé: Tour de Paris
[22:37:46] Affichage de la carte
[22:37:46] HITMAN est à la position 0 sur la carte.
[22:37:46] Demande de déplacement
[22:37:48] HITMAN avance.
[22:37:48] HITMAN rencontre un Ennemi spécial !
[22:37:51] HITMAN inflige 4 dégâts à Ennemi spécial
[22:37:51] Ennemi spécial se défend.
[22:37:55] HITMAN attaque mais Ennemi spécial se défend et ne prend aucun dégât.
[22:37:55] Ennemi spécial inflige 2 dégâts à HITMAN
[22:38:12] HITMAN attaque mais Ennemi spécial se défend et ne prend aucun dégât.
[22:38:12] Ennemi spécial inflige 5 dégâts à HITMAN
[22:38:15] HITMAN attaque mais Ennemi spécial se défend et ne prend aucun dégât.
[22:38:15] Ennemi spécial se défend.
[22:38:18] HITMAN attaque mais Ennemi spécial se défend et ne prend aucun dégât.
[22:38:18] Ennemi spécial se défend.
[22:38:20] HITMAN attaque mais Ennemi spécial se défend et ne prend aucun dégât.
[22:38:20] Ennemi spécial inflige 17 dégâts à HITMAN
[22:38:22] HITMAN attaque mais Ennemi spécial se défend et ne prend aucun dégât.
[22:38:22] Ennemi spécial se défend.
[22:38:23] HITMAN attaque mais Ennemi spécial se défend et ne prend aucun dégât.
[22:38:23] Ennemi spécial se défend.
[22:38:24] HITMAN attaque mais Ennemi spécial se défend et ne prend aucun dégât.
[22:38:24] Ennemi spécial se défend.
[22:38:26] HITMAN attaque mais Ennemi spécial se défend et ne prend aucun dégât.
[22:38:26] Ennemi spécial inflige 13 dégâts à HITMAN
[22:38:26] HITMAN attaque mais Ennemi spécial se défend et ne prend aucun dégât.
[22:38:26] Ennemi spécial se défend.
[22:38:26] HITMAN attaque mais Ennemi spécial se défend et ne prend aucun dégât.
[22:38:26] Ennemi spécial se défend.
[22:38:27] HITMAN attaque mais Ennemi spécial se défend et ne prend aucun dégât.
[22:38:27] Ennemi spécial inflige 13 dégâts à HITMAN
[22:38:27] HITMAN attaque mais Ennemi spécial se défend et ne prend aucun dégât.
[22:38:27] Ennemi spécial se défend.
[22:38:27] HITMAN attaque mais Ennemi spécial se défend et ne prend aucun dégât.
[22:38:27] Ennemi spécial se défend.
[22:38:27] HITMAN attaque mais Ennemi spécial se défend et ne prend aucun dégât.
[22:38:27] Ennemi spécial se défend.
[22:38:28] HITMAN attaque mais Ennemi spécial se défend et ne prend aucun dégât.
[22:38:28] Ennemi spécial se défend.
[22:38:28] HITMAN attaque mais Ennemi spécial se défend et ne prend aucun dégât.
[22:38:28] Ennemi spécial se défend.
[22:38:28] HITMAN attaque mais Ennemi spécial se défend et ne prend aucun dégât.
[22:38:28] Ennemi spécial se défend.
[22:38:29] HITMAN attaque mais Ennemi spécial se défend et ne prend aucun dégât.
[22:38:29] Ennemi spécial inflige 15 dégâts à HITMAN
[22:38:29] HITMAN attaque mais Ennemi spécial se défend et ne prend aucun dégât.
[22:38:29] Ennemi spécial se défend.
[22:38:29] HITMAN attaque mais Ennemi spécial se défend et ne prend aucun dégât.
[22:38:29] Ennemi spécial inflige 19 dégâts à HITMAN
[22:38:30] HITMAN attaque mais Ennemi spécial se défend et ne prend aucun dégât.
[22:38:30] Ennemi spécial se défend.
[22:38:30] HITMAN attaque mais Ennemi spécial se défend et ne prend aucun dégât.
[22:38:30] Ennemi spécial inflige 6 dégâts à HITMAN
[22:38:30] HITMAN attaque mais Ennemi spécial se défend et ne prend aucun dégât.
[22:38:30] Ennemi spécial inflige 18 dégâts à HITMAN
[22:38:31] HITMAN attaque mais Ennemi spécial se défend et ne prend aucun dégât.
[22:38:31] Ennemi spécial inflige 16 dégâts à HITMAN
[22:38:31] HITMAN attaque mais Ennemi spécial se défend et ne prend aucun dégât.
[22:38:31] Ennemi spécial se défend.
[22:38:31] HITMAN attaque mais Ennemi spécial se défend et ne prend aucun dégât.
[22:38:31] Ennemi spécial inflige 18 dégâts à HITMAN
[22:38:32] HITMAN attaque mais Ennemi spécial se défend et ne prend aucun dégât.
[22:38:32] Ennemi spécial inflige 16 dégâts à HITMAN
[22:38:32] HITMAN attaque mais Ennemi spécial se défend et ne prend aucun dégât.
[22:38:32] Ennemi spécial inflige 1 dégâts à HITMAN
[22:38:33] HITMAN attaque mais Ennemi spécial se défend et ne prend aucun dégât.
[22:38:33] Ennemi spécial se défend.
[22:38:33] HITMAN attaque mais Ennemi spécial se défend et ne prend aucun dégât.
[22:38:33] Ennemi spécial se défend.
[22:38:33] HITMAN attaque mais Ennemi spécial se défend et ne prend aucun dégât.
[22:38:33] Ennemi spécial se défend.
[22:38:34] HITMAN attaque mais Ennemi spécial se défend et ne prend aucun dégât.
[22:38:34] Ennemi spécial inflige 5 dégâts à HITMAN
[22:38:34] HITMAN attaque mais Ennemi spécial se défend et ne prend aucun dégât.
[22:38:34] Ennemi spécial inflige 7 dégâts à HITMAN
[22:38:34] HITMAN attaque mais Ennemi spécial se défend et ne prend aucun dégât.
[22:38:34] Ennemi spécial inflige 9 dégâts à HITMAN
[22:38:34] HITMAN attaque mais Ennemi spécial se défend et ne prend aucun dégât.
[22:38:34] Ennemi spécial inflige 12 dégâts à HITMAN
[22:38:35] HITMAN attaque mais Ennemi spécial se défend et ne prend aucun dégât.
[22:38:35] Ennemi spécial inflige 13 dégâts à HITMAN
[22:38:35] HITMAN a été vaincu par Ennemi spécial
[22:38:35] PV restants après le combat: -5
[22:38:35] HITMAN a été vaincu. Fin du jeu.
