[23:53:22] Game started
[23:53:22] Génération des cartes...
[23:53:22] Cartes générées
[23:53:22] Bienvenue dans le jeu Beat them all ! 

[23:53:22] Affichage des personnages disponibles...
[23:53:22] Personnages disponibles :
[23:53:22] 1. Hitman
[23:53:22] 2. Creeper
[23:53:22] 3. Guerisseur

[23:53:22] Demande de choix de personnage
[23:53:22] Choisissez votre personnage (1-3) : 
[23:53:23] Personnage choisi: GUERISSEUR
[23:53:23] Affichage des niveaux disponibles
[23:53:23] Niveau 1: Tour de Paris
[23:53:23] Demande de confirmation pour lancer le niveau
[23:53:23] Voulez-vous lancer ce niveau (o/n) ou quitter (q) ? 
[23:53:26] Niveau 1 lancé: Tour de Paris
[23:53:26] Affichage de la carte
[23:53:26] GUERISSEUR est à la position 0 sur la carte.
[23:53:26] Demande de déplacement
[23:53:26] Vous êtes au début de la carte, appuyez sur (a) pour avancer !
[23:53:27] GUERISSEUR avance.
[23:53:27] GUERISSEUR est à la position 1 sur la carte.
[23:53:27] Demande de déplacement
[23:53:27] Voulez-vous avancer (a) ou reculer (r) ? 
[23:53:28] GUERISSEUR avance.
[23:53:28] GUERISSEUR est à la position 2 sur la carte.
[23:53:28] Demande de déplacement
[23:53:28] Voulez-vous avancer (a) ou reculer (r) ? 
[23:53:29] GUERISSEUR avance.
[23:53:29] GUERISSEUR est à la position 3 sur la carte.
[23:53:29] Demande de déplacement
[23:53:29] Voulez-vous avancer (a) ou reculer (r) ? 
[23:53:29] GUERISSEUR avance.
[23:53:29] GUERISSEUR est à la position 4 sur la carte.
[23:53:29] Demande de déplacement
[23:53:29] Voulez-vous avancer (a) ou reculer (r) ? 
[23:53:30] GUERISSEUR avance.
[23:53:30] GUERISSEUR a atteint la fin de la carte.
[23:53:30] PV restants à la fin de la carte: 300
[23:53:30] Voulez-vous passer au niveau suivant (o/n) ?
[23:53:32] Passage au niveau 2: Tour de New York
[23:53:32] Position réinitialisée à 0
[23:53:32] GUERISSEUR est à la position 0 sur la carte.
[23:53:32] Demande de déplacement
[23:53:32] Vous êtes au début de la carte, appuyez sur (a) pour avancer !
[23:53:33] GUERISSEUR avan