[17:37:48] Génération des cartes...
[17:37:48] Cartes générées
[17:37:48] Affichage des personnages disponibles...
[17:37:48] Demande de choix de personnage
[17:37:50] Personnage choisi: GUERISSEUR
[17:37:53] Niveau 1 lancé: Tour de Paris
[17:37:53] Affichage de la carte
[17:37:53] GUERISSEUR est à la position 0 sur la carte.
[17:37:53] Demande de déplacement
[17:37:55] GUERISSEUR avance.
[17:37:55] GUERISSEUR est à la position 1 sur la carte.
[17:37:55] Demande de déplacement
[17:37:56] GUERISSEUR avance.
[17:37:56] GUERISSEUR trouve un coffre !
[17:37:58] GUERISSEUR a trouvé une potion de soin et récupère 38 PV.
[17:37:58] GUERISSEUR est à la position 2 sur la carte.
[17:37:58] Demande de déplacement
[17:38:01] GUERISSEUR avance.
[17:38:01] GUERISSEUR rencontre un Catcheur !
[17:38:01] GUERISSEUR combat Catcheur
[17:38:04] GUERISSEUR inflige 12 dégâts à Catcheur
[17:38:04] Catcheur inflige 0 dégâts à GUERISSEUR
[17:38:04] GUERISSEUR inflige 12 dégâts à Catcheur
[17:38:04] Catcheur inflige 0 dégâts à GUERISSEUR
[17:38:04] GUERISSEUR inflige 12 dégâts à Catcheur
[17:38:04] Catcheur inflige 0 dégâts à GUERISSEUR
[17:38:04] GUERISSEUR inflige 12 dégâts à Catcheur
[17:38:04] Catcheur inflige 0 dégâts à GUERISSEUR
[17:38:04] GUERISSEUR inflige 12 dégâts à Catcheur
[17:38:04] Catcheur inflige 0 dégâts à GUERISSEUR
[17:38:04] GUERISSEUR inflige 12 dégâts à Catcheur
[17:38:04] Catcheur inflige 0 dégâts à GUERISSEUR
[17:38:04] GUERISSEUR inflige 12 dégâts à Catcheur
[17:38:04] Catcheur inflige 0 dégâts à GUERISSEUR
[17:38:04] GUERISSEUR inflige 12 dégâts à Catcheur
[17:38:04] Catcheur inflige 0 dégâts à GUERISSEUR
[17:38:04] GUERISSEUR inflige 12 dégâts à Catcheur
[17:38:04] Catcheur inflige 0 dégâts à GUERISSEUR
[17:38:04] GUERISSEUR inflige 12 dégâts à Catcheur
[17:38:04] Catcheur inflige 0 dégâts à GUERISSEUR
[17:38:04] GUERISSEUR inflige 12 dégâts à Catcheur
[17:38:04] Catcheur inflige 0 dégâts à GUERISSEUR
[17:38:04] GUERISSEUR inflige 12 dégâts à Catcheur
[17:38:04] Catcheur inflige 0 dégâts à GUERISSEUR
[17:38:04] GUERISSEUR a vaincu Catcheur
[17:38:04] PV restants après le combat: 188
[17:38:04] GUERISSEUR est à la position 3 sur la carte.
[17:38:04] Demande de déplacement
[17:38:06] GUERISSEUR avance.
[17:38:06] GUERISSEUR est à la position 4 sur la carte.
[17:38:06] Demande de déplacement
[17:38:08] GUERISSEUR avance.
[17:38:08] GUERISSEUR rencontre un CRS !
[17:38:08] GUERISSEUR combat CRS
[17:38:10] GUERISSEUR inflige 0 dégâts à CRS
[17:38:10] CRS inflige 1 dégâts à GUERISSEUR
[17:38:10] GUERISSEUR inflige 0 dégâts à CRS
[17:38:10] CRS inflige 1 dégâts à GUERISSEUR
[17:38:10] GUERISSEUR inflige 0 dégâts à CRS
[17:38:10] CRS inflige 1 dégâts à GUERISSEUR
[17:38:10] GUERISSEUR inflige 0 dégâts à CRS
[17:38:10] CRS inflige 1 dégâts à GUERISSEUR
[17:38:10] GUERISSEUR inflige 0 dégâts à CRS
[17:38:10] CRS inflige 1 dégâts à GUERISSEUR
[17:38:10] GUERISSEUR inflige 0 dégâts à CRS
[17:38:10] CRS inflige 1 dégâts à GUERISSEUR
[17:38:10] GUERISSEUR inflige 0 dégâts à CRS
[17:38:10] CRS inflige 1 dégâts à GUERISSEUR
[17:38:10] GUERISSEUR inflige 0 dégâts à CRS
[17:38:10] CRS inflige 1 dégâts à GUERISSEUR
[17:38:10] GUERISSEUR inflige 0 dégâts à CRS
[17:38:10] CRS inflige 1 dégâts à GUERISSEUR
[17:38:10] GUERISSEUR inflige 0 dégâts à CRS
[17:38:10] CRS inflige 1 dégâts à GUERISSEUR
[17:38:10] GUERISSEUR inflige 0 dégâts à CRS
[17:38:10] CRS inflige 1 dégâts à GUERISSEUR
[17:38:10] GUERISSEUR inflige 0 dégâts à CRS
[17:38:10] CRS inflige 1 dégâts à GUERISSEUR
[17:38:10] GUERISSEUR inflige 0 dégâts à CRS
[17:38:10] CRS inflige 1 dégâts à GUERISSEUR
[17:38:10] GUERISSEUR inflige 0 dégâts à CRS
[17:38:10] CRS inflige 1 dégâts à GUERISSEUR
[17:38:10] GUERISSEUR inflige 0 dégâts à CRS
[17:38:10] CRS inflige 1 dégâts à GUERISSEUR
[17:38:10] GUERISSEUR inflige 0 dégâts à CRS
[17:38:10] CRS inflige 1 dégâts à GUERISSEUR
[17:38:10] GUERISSEUR inflige 0 dégâts à CRS
[17:38:10] CRS inflige 1 dégâts à GUERISSEUR
[17:38:10] GUERISSEUR inflige 0 dégâts à CRS
[17:38:10] CRS inflige 1 dégâts à GUERISSEUR
[17:38:10] GUERISSEUR inflige 0 dégâts à CRS
[17:38:10] CRS inflige 1 dégâts à GUERISSEUR
[17:38:10] GUERISSEUR inflige 0 dégâts à CRS
[17:38:10] CRS inflige 1 dégâts à GUERISSEUR
[17:38:10] GUERISSEUR inflige 0 dégâts à CRS
[17:38:10] CRS inflige 1 dégâts à GUERISSEUR
[17:38:10] GUERISSEUR inflige 0 dégâts à CRS
[17:38:10] CRS inflige 1 dégâts à GUERISSEUR
[17:38:10] GUERISSEUR inflige 0 dégâts à CRS
[17:38:10] CRS inflige 1 dégâts à GUERISSEUR
[17:38:10] GUERISSEUR inflige 0 dégâts à CRS
[17:38:10] CRS inflige 1 dégâts à GUERISSEUR
[17:38:10] GUERISSEUR inflige 0 dégâts à CRS
[17:38:10] CRS inflige 1 dégâts à GUERISSEUR
[17:38:10] GUERISSEUR inflige 0 dégâts à CRS
[17:38:10] CRS inflige 1 dégâts à GUERISSEUR
[17:38:10] GUERISSEUR inflige 0 dégâts à CRS
[17:38:10] CRS inflige 1 dégâts à GUERISSEUR
[17:38:10] GUERISSEUR inflige 0 dégâts à CRS
[17:38:10] CRS inflige 1 dégâts à GUERISSEUR
[17:38:10] GUERISSEUR inflige 0 dégâts à CRS
[17:38:10] CRS inflige 1 dégâts à GUERISSEUR
[17:38:10] GUERISSEUR inflige 0 dégâts à CRS
[17:38:10] CRS inflige 1 dégâts à GUERISSEUR
[17:38:10] GUERISSEUR inflige 0 dégâts à CRS
[17:38:10] CRS inflige 1 dégâts à GUERISSEUR
[17:38:10] GUERISSEUR inflige 0 dégâts à CRS
[17:38:10] CRS inflige 1 dégâts à GUERISSEUR
[17:38:10] GUERISSEUR inflige 0 dégâts à CRS
[17:38:10] CRS inflige 1 dégâts à GUERISSEUR
[17:38:10] GUERISSEUR inflige 0 dégâts à CRS
[17:38:10] CRS inflige 1 dégâts à GUERISSEUR
[17:38:10] GUERISSEUR inflige 0 dégâts à CRS
[17:38:10] CRS inflige 1 dégâts à GUERISSEUR
[17:38:10] GUERISSEUR inflige 0 dégâts à CRS
[17:38:10] CRS inflige 1 dégâts à GUERISSEUR
[17:38:10] GUERISSEUR inflige 0 dégâts à CRS
[17:38:10] CRS inflige 1 dégâts à GUERISSEUR
[17:38:10] GUERISSEUR inflige 0 dégâts à CRS
[17:38:10] CRS inflige 1 dégâts à GUERISSEUR
[17:38:10] GUERISSEUR inflige 0 dégâts à CRS
[17:38:10] CRS inflige 1 dégâts à GUERISSEUR
[17:38:10] GUERISSEUR inflige 0 dégâts à CRS
[17:38:10] CRS inflige 1 dégâts à GUERISSEUR
[17:38:10] GUERISSEUR inflige 0 dégâts à CRS
[17:38:10] CRS inflige 1 dégâts à GUERISSEUR
[17:38:10] GUERISSEUR inflige 0 dégâts à CRS
[17:38:10] CRS inflige 1 dégâts à GUERISSEUR
[17:38:10] GUERISSEUR inflige 0 dégâts à CRS
[17:38:10] CRS inflige 1 dégâts à GUERISSEUR
[17:38:10] GUERISSEUR inflige 0 dégâts à CRS
[17:38:10] CRS inflige 1 dégâts à GUERISSEUR
[17:38:10] GUERISSEUR inflige 0 dégâts à CRS
[17:38:10] CRS inflige 1 dégâts à GUERISSEUR
[17:38:10] GUERISSEUR inflige 0 dégâts à CRS
[17:38:10] CRS inflige 1 dégâts à GUERISSEUR
[17:38:10] GUERISSEUR inflige 0 dégâts à CRS
[17:38:10] CRS inflige 1 dégâts à GUERISSEUR
[17:38:10] GUERISSEUR inflige 0 dégâts à CRS
[17:38:10] CRS inflige 1 dégâts à GUERISSEUR
[17:38:10] GUERISSEUR inflige 0 dégâts à CRS
[17:38:10] CRS inflige 1 dégâts à GUERISSEUR
[17:38:10] GUERISSEUR inflige 0 dégâts à CRS
[17:38:10] CRS inflige 1 dégâts à GUERISSEUR
[17:38:10] GUERISSEUR inflige 0 dégâts à CRS
[17:38:10] CRS inflige 1 dégâts à GUERISSEUR
[17:38:10] GUERISSEUR inflige 0 dégâts à CRS
[17:38:10] CRS inflige 1 dégâts à GUERISSEUR
[17:38:10] GUERISSEUR inflige 0 dégâts à CRS
[17:38:10] CRS inflige 1 dégâts à GUERISSEUR
[17:38:10] GUERISSEUR inflige 0 dégâts à CRS
[17:38:10] CRS inflige 1 dégâts à GUERISSEUR
[17:38:10] GUERISSEUR inflige 0 dégâts à CRS
[17:38:10] CRS inflige 1 dégâts à GUERISSEUR
[17:38:10] GUERISSEUR inflige 0 dégâts à CRS
[17:38:10] CRS inflige 1 dégâts à GUERISSEUR
[17:38:10] GUERISSEUR inflige 0 dégâts à CRS
[17:38:10] CRS inflige 1 dégâts à GUERISSEUR
[17:38:10] GUERISSEUR inflige 0 dégâts à CRS
[17:38:10] CRS inflige 1 dégâts à GUERISSEUR
[17:38:10] GUERISSEUR inflige 0 dégâts à CRS
[17:38:10] CRS inflige 1 dégâts à GUERISSEUR
[17:38:10] GUERISSEUR inflige 0 dégâts à CRS
[17:38:10] CRS inflige 1 dégâts à GUERISSEUR
[17:38:10] GUERISSEUR inflige 0 dégâts à CRS
[17:38:10] CRS inflige 1 dégâts à GUERISSEUR
[17:38:10] GUERISSEUR inflige 0 dégâts à CRS
[17:38:10] CRS inflige 1 dégâts à GUERISSEUR
[17:38:10] GUERISSEUR inflige 0 dégâts à CRS
[17:38:10] CRS inflige 1 dégâts à GUERISSEUR
[17:38:10] GUERISSEUR inflige 0 dégâts à CRS
[17:38:10] CRS inflige 1 dégâts à GUERISSEUR
[17:38:10] GUERISSEUR inflige 0 dégâts à CRS
[17:38:10] CRS inflige 1 dégâts à GUERISSEUR
[17:38:10] GUERISSEUR inflige 0 dégâts à CRS
[17:38:10] CRS inflige 1 dégâts à GUERISSEUR
[17:38:10] GUERISSEUR inflige 0 dégâts à CRS
[17:38:10] CRS inflige 1 dégâts à GUERISSEUR
[17:38:10] GUERISSEUR inflige 0 dégâts à CRS
[17:38:10] CRS inflige 1 dégâts à GUERISSEUR
[17:38:10] GUERISSEUR inflige 0 dégâts à CRS
[17:38:10] CRS inflige 1 dégâts à GUERISSEUR
[17:38:10] GUERISSEUR inflige 0 dégâts à CRS
[17:38:10] CRS inflige 1 dégâts à GUERISSEUR
[17:38:10] GUERISSEUR inflige 0 dégâts à CRS
[17:38:10] CRS inflige 1 dégâts à GUERISSEUR
[17:38:10] GUERISSEUR inflige 0 dégâts à CRS
[17:38:10] CRS inflige 1 dégâts à GUERISSEUR
[17:38:10] GUERISSEUR inflige 0 dégâts à CRS
[17:38:10] CRS inflige 1 dégâts à GUERISSEUR
[17:38:10] GUERISSEUR inflige 0 dégâts à CRS
[17:38:10] CRS inflige 1 dégâts à GUERISSEUR
[17:38:10] GUERISSEUR inflige 0 dégâts à CRS
[17:38:10] CRS inflige 1 dégâts à GUERISSEUR
[17:38:10] GUERISSEUR inflige 0 dégâts à CRS
[17:38:10] CRS inflige 1 dégâts à GUERISSEUR
[17:38:10] GUERISSEUR inflige 0 dégâts à CRS
[17:38:10] CRS inflige 1 dégâts à GUERISSEUR
[17:38:10] GUERISSEUR inflige 0 dégâts à CRS
[17:38:10] CRS inflige 1 dégâts à GUERISSEUR
[17:38:10] GUERISSEUR inflige 0 dégâts à CRS
[17:38:10] CRS inflige 1 dégâts à GUERISSEUR
[17:38:10] GUERISSEUR inflige 0 dégâts à CRS
[17:38:10] CRS inflige 1 dégâts à GUERISSEUR
[17:38:10] GUERISSEUR inflige 0 dégâts à CRS
[17:38:10] CRS inflige 1 dégâts à GUERISSEUR
[17:38:10] GUERISSEUR inflige 0 dégâts à CRS
[17:38:10] CRS inflige 1 dégâts à GUERISSEUR
[17:38:10] GUERISSEUR inflige 0 dégâts à CRS
[17:38:10] CRS inflige 1 dégâts à GUERISSEUR
[17:38:10] GUERISSEUR inflige 0 dégâts à CRS
[17:38:10] CRS inflige 1 dégâts à GUERISSEUR
[17:38:10] GUERISSEUR inflige 0 dégâts à CRS
[17:38:10] CRS inflige 1 dégâts à GUERISSEUR
[17:38:10] GUERISSEUR inflige 0 dégâts à CRS
[17:38:10] CRS inflige 1 dégâts à GUERISSEUR
[17:38:10] GUERISSEUR inflige 0 dégâts à CRS
[17:38:10] CRS inflige 1 dégâts à GUERISSEUR
[17:38:10] GUERISSEUR inflige 0 dégâts à CRS
[17:38:10] CRS inflige 1 dégâts à GUERISSEUR
[17:38:10] GUERISSEUR inflige 0 dégâts à CRS
[17:38:10] CRS inflige 1 dégâts à GUERISSEUR
[17:38:10] GUERISSEUR inflige 0 dégâts à CRS
[17:38:10] CRS inflige 1 dégâts à GUERISSEUR
[17:38:10] GUERISSEUR inflige 0 dégâts à CRS
[17:38:10] CRS inflige 1 dégâts à GUERISSEUR
[17:38:10] GUERISSEUR inflige 0 dégâts à CRS
[17:38:10] CRS inflige 1 dégâts à GUERISSEUR
[17:38:10] GUERISSEUR inflige 0 dégâts à CRS
[17:38:10] CRS inflige 1 dégâts à GUERISSEUR
[17:38:10] GUERISSEUR inflige 0 dégâts à CRS
[17:38:10] CRS inflige 1 dégâts à GUERISSEUR
[17:38:10] GUERISSEUR inflige 0 dégâts à CRS
[17:38:10] CRS inflige 1 dégâts à GUERISSEUR
[17:38:10] GUERISSEUR inflige 0 dégâts à CRS
[17:38:10] CRS inflige 1 dégâts à GUERISSEUR
[17:38:10] GUERISSEUR inflige 0 dégâts à CRS
[17:38:10] CRS inflige 1 dégâts à GUERISSEUR
[17:38:10] GUERISSEUR inflige 0 dégâts à CRS
[17:38:10] CRS inflige 1 dégâts à GUERISSEUR
[17:38:10] GUERISSEUR inflige 0 dégâts à CRS
[17:38:10] CRS inflige 1 dégâts à GUERISSEUR
[17:38:10] GUERISSEUR inflige 0 dégâts à CRS
[17:38:10] CRS inflige 1 dégâts à GUERISSEUR
[17:38:10] GUERISSEUR inflige 0 dégâts à CRS
[17:38:10] CRS inflige 1 dégâts à GUERISSEUR
[17:38:10] GUERISSEUR inflige 0 dégâts à CRS
[17:38:10] CRS inflige 1 dégâts à GUERISSEUR
[17:38:10] GUERISSEUR inflige 0 dégâts à CRS
[17:38:10] CRS inflige 1 dégâts à GUERISSEUR
[17:38:10] GUERISSEUR inflige 0 dégâts à CRS
[17:38:10] CRS inflige 1 dégâts à GUERISSEUR
[17:38:10] GUERISSEUR inflige 0 dégâts à CRS
[17:38:10] CRS inflige 1 dégâts à GUERISSEUR
[17:38:10] GUERISSEUR inflige 0 dégâts à CRS
[17:38:10] CRS inflige 1 dégâts à GUERISSEUR
[17:38:10] GUERISSEUR inflige 0 dégâts à CRS
[17:38:10] CRS inflige 1 dégâts à GUERISSEUR
[17:38:10] GUERISSEUR inflige 0 dégâts à CRS
[17:38:10] CRS inflige 1 dégâts à GUERISSEUR
[17:38:10] GUERISSEUR inflige 0 dégâts à CRS
[17:38:10] CRS inflige 1 dégâts à GUERISSEUR
[17:38:10] GUERISSEUR inflige 0 dégâts à CRS
[17:38:10] CRS inflige 1 dégâts à GUERISSEUR
[17:38:10] GUERISSEUR inflige 0 dégâts à CRS
[17:38:10] CRS inflige 1 dégâts à GUERISSEUR
[17:38:10] GUERISSEUR inflige 0 dégâts à CRS
[17:38:10] CRS inflige 1 dégâts à GUERISSEUR
[17:38:10] GUERISSEUR inflige 0 dégâts à CRS
[17:38:10] CRS inflige 1 dégâts à GUERISSEUR
[17:38:10] GUERISSEUR inflige 0 dégâts à CRS
[17:38:10] CRS inflige 1 dégâts à GUERISSEUR
[17:38:10] GUERISSEUR inflige 0 dégâts à CRS
[17:38:10] CRS inflige 1 dégâts à GUERISSEUR
[17:38:10] GUERISSEUR inflige 0 dégâts à CRS
[17:38:10] CRS inflige 1 dégâts à GUERISSEUR
[17:38:10] GUERISSEUR inflige 0 dégâts à CRS
[17:38:10] CRS inflige 1 dégâts à GUERISSEUR
[17:38:10] GUERISSEUR inflige 0 dégâts à CRS
[17:38:10] CRS inflige 1 dégâts à GUERISSEUR
[17:38:10] GUERISSEUR inflige 0 dégâts à CRS
[17:38:10] CRS inflige 1 dégâts à GUERISSEUR
[17:38:10] GUERISSEUR inflige 0 dégâts à CRS
[17:38:10] CRS inflige 1 dégâts à GUERISSEUR
[17:38:10] GUERISSEUR inflige 0 dégâts à CRS
[17:38:10] CRS inflige 1 dégâts à GUERISSEUR
[17:38:10] GUERISSEUR inflige 0 dégâts à CRS
[17:38:10] CRS inflige 1 dégâts à GUERISSEUR
[17:38:10] GUERISSEUR inflige 0 dégâts à CRS
[17:38:10] CRS inflige 1 dégâts à GUERISSEUR
[17:38:10] GUERISSEUR inflige 0 dégâts à CRS
[17:38:10] CRS inflige 1 dégâts à GUERISSEUR
[17:38:10] GUERISSEUR inflige 0 dégâts à CRS
[17:38:10] CRS inflige 1 dégâts à GUERISSEUR
[17:38:10] GUERISSEUR inflige 0 dégâts à CRS
[17:38:10] CRS inflige 1 dégâts à GUERISSEUR
[17:38:10] GUERISSEUR inflige 0 dégâts à CRS
[17:38:10] CRS inflige 1 dégâts à GUERISSEUR
[17:38:10] GUERISSEUR inflige 0 dégâts à CRS
[17:38:10] CRS inflige 1 dégâts à GUERISSEUR
[17:38:10] GUERISSEUR inflige 0 dégâts à CRS
[17:38:10] CRS inflige 1 dégâts à GUERISSEUR
[17:38:10] GUERISSEUR inflige 0 dégâts à CRS
[17:38:10] CRS inflige 1 dégâts à GUERISSEUR
[17:38:10] GUERISSEUR inflige 0 dégâts à CRS
[17:38:10] CRS inflige 1 dégâts à GUERISSEUR
[17:38:10] GUERISSEUR inflige 0 dégâts à CRS
[17:38:10] CRS inflige 1 dégâts à GUERISSEUR
[17:38:10] GUERISSEUR inflige 0 dégâts à CRS
[17:38:10] CRS inflige 1 dégâts à GUERISSEUR
[17:38:10] GUERISSEUR inflige 0 dégâts à CRS
[17:38:10] CRS inflige 1 dégâts à GUERISSEUR
[17:38:10] GUERISSEUR inflige 0 dégâts à CRS
[17:38:10] CRS inflige 1 dégâts à GUERISSEUR
[17:38:10] GUERISSEUR inflige 0 dégâts à CRS
[17:38:10] CRS inflige 1 dégâts à GUERISSEUR
[17:38:10] GUERISSEUR inflige 0 dégâts à CRS
[17:38:10] CRS inflige 1 dégâts à GUERISSEUR
[17:38:10] GUERISSEUR inflige 0 dégâts à CRS
[17:38:10] CRS inflige 1 dégâts à GUERISSEUR
[17:38:10] GUERISSEUR inflige 0 dégâts à CRS
[17:38:10] CRS inflige 1 dégâts à GUERISSEUR
[17:38:10] GUERISSEUR inflige 0 dégâts à CRS
[17:38:10] CRS inflige 1 dégâts à GUERISSEUR
[17:38:10] GUERISSEUR inflige 0 dégâts à CRS
[17:38:10] CRS inflige 1 dégâts à GUERISSEUR
[17:38:10] GUERISSEUR inflige 0 dégâts à CRS
[17:38:10] CRS inflige 1 dégâts à GUERISSEUR
[17:38:10] GUERISSEUR inflige 0 dégâts à CRS
[17:38:10] CRS inflige 1 dégâts à GUERISSEUR
[17:38:10] GUERISSEUR inflige 0 dégâts à CRS
[17:38:10] CRS inflige 1 dégâts à GUERISSEUR
[17:38:10] GUERISSEUR inflige 0 dégâts à CRS
[17:38:10] CRS inflige 1 dégâts à GUERISSEUR
[17:38:10] GUERISSEUR inflige 0 dégâts à CRS
[17:38:10] CRS inflige 1 dégâts à GUERISSEUR
[17:38:10] GUERISSEUR inflige 0 dégâts à CRS
[17:38:10] CRS inflige 1 dégâts à GUERISSEUR
[17:38:10] GUERISSEUR inflige 0 dégâts à CRS
[17:38:10] CRS inflige 1 dégâts à GUERISSEUR
[17:38:10] GUERISSEUR inflige 0 dégâts à CRS
[17:38:10] CRS inflige 1 dégâts à GUERISSEUR
[17:38:10] GUERISSEUR inflige 0 dégâts à CRS
[17:38:10] CRS inflige 1 dégâts à GUERISSEUR
[17:38:10] GUERISSEUR inflige 0 dégâts à CRS
[17:38:10] CRS inflige 1 dégâts à GUERISSEUR
[17:38:10] GUERISSEUR inflige 0 dégâts à CRS
[17:38:10] CRS inflige 1 dégâts à GUERISSEUR
[17:38:10] GUERISSEUR inflige 0 dégâts à CRS
[17:38:10] CRS inflige 1 dégâts à GUERISSEUR
[17:38:10] GUERISSEUR inflige 0 dégâts à CRS
[17:38:10] CRS inflige 1 dégâts à GUERISSEUR
[17:38:10] GUERISSEUR inflige 0 dégâts à CRS
[17:38:10] CRS inflige 1 dégâts à GUERISSEUR
[17:38:10] GUERISSEUR inflige 0 dégâts à CRS
[17:38:10] CRS inflige 1 dégâts à GUERISSEUR
[17:38:10] GUERISSEUR inflige 0 dégâts à CRS
[17:38:10] CRS inflige 1 dégâts à GUERISSEUR
[17:38:10] GUERISSEUR inflige 0 dégâts à CRS
[17:38:10] CRS inflige 1 dégâts à GUERISSEUR
[17:38:10] GUERISSEUR inflige 0 dégâts à CRS
[17:38:10] CRS inflige 1 dégâts à GUERISSEUR
[17:38:10] GUERISSEUR inflige 0 dégâts à CRS
[17:38:10] CRS inflige 1 dégâts à GUERISSEUR
[17:38:10] GUERISSEUR inflige 0 dégâts à CRS
[17:38:10] CRS inflige 1 dégâts à GUERISSEUR
[17:38:10] GUERISSEUR inflige 0 dégâts à CRS
[17:38:10] CRS inflige 1 dégâts à GUERISSEUR
[17:38:10] GUERISSEUR inflige 0 dégâts à CRS
[17:38:10] CRS inflige 1 dégâts à GUERISSEUR
[17:38:10] GUERISSEUR inflige 0 dégâts à CRS
[17:38:10] CRS inflige 1 dégâts à GUERISSEUR
[17:38:10] GUERISSEUR inflige 0 dégâts à CRS
[17:38:10] CRS inflige 1 dégâts à GUERISSEUR
[17:38:10] GUERISSEUR inflige 0 dégâts à CRS
[17:38:10] CRS inflige 1 dégâts à GUERISSEUR
[17:38:10] GUERISSEUR inflige 0 dégâts à CRS
[17:38:10] CRS inflige 1 dégâts à GUERISSEUR
[17:38:10] GUERISSEUR inflige 0 dégâts à CRS
[17:38:10] CRS inflige 1 dégâts à GUERISSEUR
[17:38:10] GUERISSEUR inflige 0 dégâts à CRS
[17:38:10] CRS inflige 1 dégâts à GUERISSEUR
[17:38:10] GUERISSEUR inflige 0 dégâts à CRS
[17:38:10] CRS inflige 1 dégâts à GUERISSEUR
[17:38:10] GUERISSEUR inflige 0 dégâts à CRS
[17:38:10] CRS inflige 1 dégâts à GUERISSEUR
[17:38:10] GUERISSEUR inflige 0 dégâts à CRS
[17:38:10] CRS inflige 1 dégâts à GUERISSEUR
[17:38:10] GUERISSEUR inflige 0 dégâts à CRS
[17:38:10] CRS inflige 1 dégâts à GUERISSEUR
[17:38:10] GUERISSEUR inflige 0 dégâts à CRS
[17:38:10] CRS inflige 1 dégâts à GUERISSEUR
[17:38:10] GUERISSEUR inflige 0 dégâts à CRS
[17:38:10] CRS inflige 1 dégâts à GUERISSEUR
[17:38:10] GUERISSEUR inflige 0 dégâts à CRS
[17:38:10] CRS inflige 1 dégâts à GUERISSEUR
[17:38:10] GUERISSEUR inflige 0 dégâts à CRS
[17:38:10] CRS inflige 1 dégâts à GUERISSEUR
[17:38:10] GUERISSEUR inflige 0 dégâts à CRS
[17:38:10] CRS inflige 1 dégâts à GUERISSEUR
[17:38:10] GUERISSEUR inflige 0 dégâts à CRS
[17:38:10] CRS inflige 1 dégâts à GUERISSEUR
[17:38:10] GUERISSEUR inflige 0 dégâts à CRS
[17:38:10] CRS inflige 1 dégâts à GUERISSEUR
[17:38:10] GUERISSEUR inflige 0 dégâts à CRS
[17:38:10] CRS inflige 1 dégâts à GUERISSEUR
[17:38:10] GUERISSEUR inflige 0 dégâts à CRS
[17:38:10] CRS inflige 1 dégâts à GUERISSEUR
[17:38:10] GUERISSEUR inflige 0 dégâts à CRS
[17:38:10] CRS inflige 1 dégâts à GUERISSEUR
[17:38:10] GUERISSEUR inflige 0 dégâts à CRS
[17:38:10] CRS inflige 1 dégâts à GUERISSEUR
[17:38:10] GUERISSEUR inflige 0 dégâts à CRS
[17:38:10] CRS inflige 1 dégâts à GUERISSEUR
[17:38:10] GUERISSEUR inflige 0 dégâts à CRS
[17:38:10] CRS inflige 1 dégâts à GUERISSEUR
[17:38:10] GUERISSEUR inflige 0 dégâts à CRS
[17:38:10] CRS inflige 1 dégâts à GUERISSEUR
[17:38:10] GUERISSEUR inflige 0 dégâts à CRS
[17:38:10] CRS inflige 1 dégâts à GUERISSEUR
[17:38:10] GUERISSEUR a été vaincu par CRS
[17:38:10] PV restants après le combat: 0
[17:38:10] GUERISSEUR a été vaincu. Fin du jeu.
