[17:42:03] Génération des cartes...
[17:42:03] Cartes générées
[17:42:03] Affichage des personnages disponibles...
[17:42:03] Demande de choix de personnage
[17:42:08] Personnage choisi: HITMAN
[17:42:10] Niveau 1 lancé: Tour de Paris
[17:42:10] Affichage de la carte
[17:42:10] HITMAN est à la position 0 sur la carte.
[17:42:10] Demande de déplacement
[17:42:11] HITMAN avance.
[17:42:11] HITMAN est à la position 1 sur la carte.
[17:42:11] Demande de déplacement
[17:42:13] HITMAN avance.
[17:42:13] HITMAN est à la position 2 sur la carte.
[17:42:13] Demande de déplacement
[17:42:14] HITMAN avance.
[17:42:14] HITMAN est à la position 3 sur la carte.
[17:42:14] Demande de déplacement
[17:42:14] HITMAN avance.
[17:42:14] HITMAN est à la position 4 sur la carte.
[17:42:14] Demande de déplacement
[17:42:15] HITMAN avance.
[17:42:15] HITMAN trouve un coffre !
[17:42:16] HITMAN a décidé de ne pas ouvrir le coffre.
[17:42:16] HITMAN a atteint la fin de la carte.
[17:42:16] PV restants à la fin de la carte: 200
[17:42:28] Passage au niveau 2: Tour de New York
[17:42:28] HITMAN est à la position 0 sur la carte.
[17:42:28] Demande de déplacement
[17:42:29] HITMAN avance.
[17:42:29] HITMAN est à la position 1 sur la carte.
[17:42:29] Demande de déplacement
[17:42:30] HITMAN avance.
[17:42:30] HITMAN est à la position 2 sur la carte.
[17:42:30] Demande de déplacement
[17:42:30] HITMAN avance.
[17:42:30] HITMAN trouve un coffre !
[17:42:32] HITMAN a décidé de ne pas ouvrir le coffre.
[17:42:32] HITMAN est à la position 3 sur la carte.
[17:42:32] Demande de déplacement
[17:42:33] HITMAN avance.
[17:42:33] HITMAN est à la position 4 sur la carte.
[17:42:33] Demande de déplacement
[17:42:34] HITMAN avance.
[17:42:34] HITMAN rencontre un CRS !
[17:42:34] HITMAN combat CRS
[17:42:34] HITMAN inflige 43 dégâts à CRS
[17:42:34] CRS inflige 31 dégâts à HITMAN
[17:42:34] HITMAN inflige 43 dégâts à CRS
[17:42:34] CRS inflige 31 dégâts à HITMAN
[17:42:34] HITMAN inflige 43 dégâts à CRS
[17:42:34] CRS inflige 31 dégâts à HITMAN
[17:42:34] HITMAN a vaincu CRS
[17:42:34] PV restants après le combat: 107
[17:42:34] HITMAN est à la position 5 sur la carte.
[17:42:34] Demande de déplacement
[17:42:43] HITMAN avance.
[17:42:43] HITMAN trouve un coffre !
[17:42:45] HITMAN a décidé de ne pas ouvrir le coffre.
[17:42:45] HITMAN est à la position 6 sur la carte.
[17:42:45] Demande de déplacement
[17:42:47] HITMAN avance.
[17:42:47] HITMAN a atteint la fin de la carte.
[17:42:47] PV restants à la fin de la carte: 107
