[15:22:21] Génération des cartes...
[15:22:21] Cartes générées
[15:22:21] Affichage des personnages disponibles...
[15:22:21] Demande de choix de personnage
[15:22:23] Personnage choisi: HITMAN
[15:22:25] Niveau 1 lancé: Tour de Paris
[15:22:25] Affichage de la carte
[15:22:25] HITMAN est à la position 0 sur la carte.
[15:22:25] Demande de déplacement
[15:22:30] HITMAN avance.
[15:22:30] HITMAN est à la position 1 sur la carte.
[15:22:30] Demande de déplacement
[15:22:31] HITMAN avance.
[15:22:31] HITMAN rencontre un Sniper !
[15:22:31] HITMAN combat Sniper
[15:22:31] HITMAN inflige 44 dégâts à Sniper
[15:22:31] Sniper inflige 32 dégâts à HITMAN
[15:22:31] HITMAN inflige 44 dégâts à Sniper
[15:22:31] Sniper inflige 32 dégâts à HITMAN
[15:22:31] HITMAN a vaincu Sniper
[15:22:31] PV restants après le combat: 136
[15:22:31] HITMAN est à la position 2 sur la carte.
[15:22:31] Demande de déplacement
[15:22:32] HITMAN avance.
[15:22:32] HITMAN est à la position 3 sur la carte.
[15:22:32] Demande de déplacement
[15:22:33] HITMAN avance.
[15:22:33] HITMAN est à la position 4 sur la carte.
[15:22:33] Demande de déplacement
[15:22:33] HITMAN avance.
[15:22:33] HITMAN a atteint la fin de la carte.
[15:22:33] PV restants à la fin de la carte: 136
[15:22:35] Passage au niveau 2: Tour de New York
[15:22:35] HITMAN est à la position 0 sur la carte.
[15:22:35] Demande de déplacement
[15:22:44] HITMAN avance.
[15:22:44] HITMAN rencontre un Sniper !
[15:22:44] HITMAN combat Sniper
[15:22:44] HITMAN inflige 48 dégâts à Sniper
[15:22:44] Sniper inflige 65 dégâts à HITMAN
[15:22:44] HITMAN a vaincu Sniper
[15:22:44] PV restants après le combat: 71
[15:22:44] HITMAN est à la position 1 sur la carte.
[15:22:44] Demande de déplacement
[15:22:45] HITMAN avance.
[15:22:45] HITMAN est à la position 2 sur la carte.
[15:22:45] Demande de déplacement
[15:22:46] HITMAN avance.
[15:22:46] HITMAN trouve un coffre !
[15:22:48] HITMAN a trouvé une potion de soin et récupère 19 PV.
[15:22:48] HITMAN est à la position 3 sur la carte.
[15:22:48] Demande de déplacement
[15:22:49] HITMAN avance.
[15:22:49] HITMAN est à la position 4 sur la carte.
[15:22:49] Demande de déplacement
[15:22:49] HITMAN avance.
[15:22:49] HITMAN est à la position 5 sur la carte.
[15:22:49] Demande de déplacement
[15:22:50] HITMAN avance.
[15:22:50] HITMAN rencontre un Sniper !
[15:22:50] HITMAN combat Sniper
[15:22:50] HITMAN inflige 52 dégâts à Sniper
[15:22:50] Sniper inflige 53 dégâts à HITMAN
[15:22:50] HITMAN inflige 52 dégâts à Sniper
[15:22:50] Sniper inflige 53 dégâts à HITMAN
[15:22:50] HITMAN a été vaincu par Sniper
[15:22:50] PV restants après le combat: -16
[15:22:50] HITMAN a été vaincu. Fin du jeu.
