[17:39:29] Génération des cartes...
[17:39:29] Cartes générées
[17:39:29] Affichage des personnages disponibles...
[17:39:29] Demande de choix de personnage
[17:39:32] Personnage choisi: HITMAN
[17:39:35] Niveau 1 lancé: Tour de Paris
[17:39:35] Affichage de la carte
[17:39:35] HITMAN est à la position 0 sur la carte.
[17:39:35] Demande de déplacement
[17:39:36] HITMAN avance.
[17:39:36] HITMAN rencontre un Brigant !
[17:39:36] HITMAN combat Brigant
[17:39:38] HITMAN inflige 43 dégâts à Brigant
[17:39:38] Brigant inflige 0 dégâts à HITMAN
[17:39:38] HITMAN inflige 43 dégâts à Brigant
[17:39:38] Brigant inflige 0 dégâts à HITMAN
[17:39:38] HITMAN a vaincu Brigant
[17:39:38] PV restants après le combat: 200
[17:39:38] HITMAN est à la position 1 sur la carte.
[17:39:38] Demande de déplacement
[17:39:49] HITMAN avance.
[17:39:49] HITMAN est à la position 2 sur la carte.
[17:39:49] Demande de déplacement
[17:39:50] HITMAN avance.
[17:39:50] HITMAN est à la position 3 sur la carte.
[17:39:50] Demande de déplacement
[17:39:51] HITMAN avance.
[17:39:51] HITMAN est à la position 4 sur la carte.
[17:39:51] Demande de déplacement
[17:39:53] HITMAN avance.
[17:39:53] HITMAN rencontre un CRS !
[17:39:53] HITMAN combat CRS
[17:39:55] HITMAN inflige 54 dégâts à CRS
[17:39:55] CRS inflige 0 dégâts à HITMAN
[17:39:55] HITMAN inflige 54 dégâts à CRS
[17:39:55] CRS inflige 0 dégâts à HITMAN
[17:39:55] HITMAN a vaincu CRS
[17:39:55] PV restants après le combat: 200
[17:39:55] HITMAN a atteint la fin de la carte.
[17:39:55] PV restants à la fin de la carte: 200
[17:39:59] Passage au niveau 2: Tour de New York
[17:39:59] HITMAN est à la position 0 sur la carte.
[17:39:59] Demande de déplacement
[17:40:01] HITMAN avance.
[17:40:01] HITMAN est à la position 1 sur la carte.
[17:40:01] Demande de déplacement
[17:40:02] HITMAN avance.
[17:40:02] HITMAN est à la position 2 sur la carte.
[17:40:02] Demande de déplacement
[17:40:03] HITMAN avance.
[17:40:03] HITMAN est à la position 3 sur la carte.
[17:40:03] Demande de déplacement
[17:40:04] HITMAN avance.
[17:40:04] HITMAN trouve un coffre !
[17:40:06] HITMAN a décidé de ne pas ouvrir le coffre.
[17:40:06] HITMAN est à la position 4 sur la carte.
[17:40:06] Demande de déplacement
[17:40:07] HITMAN avance.
[17:40:07] HITMAN rencontre un Sniper !
[17:40:07] HITMAN combat Sniper
[17:40:10] HITMAN inflige 50 dégâts à Sniper
[17:40:10] Sniper inflige 42 dégâts à HITMAN
[17:40:10] HITMAN a vaincu Sniper
[17:40:10] PV restants après le co