[17:33:56] Génération des cartes...
[17:33:56] Cartes générées
[17:33:56] Affichage des personnages disponibles...
[17:33:56] Demande de choix de personnage
[17:34:03] Personnage choisi: CREEPER
[17:34:12] Niveau 1 lancé: Tour de Paris
[17:34:12] Affichage de la carte
[17:34:12] CREEPER est à la position 0 sur la carte.
[17:34:12] Demande de déplacement
[17:34:17] CREEPER avance.
[17:34:17] CREEPER rencontre un Brigant !
[17:34:17] CREEPER combat Brigant
[17:34:22] CREEPER inflige 26 dégâts à Brigant
[17:34:22] Brigant inflige 0 dégâts à CREEPER
[17:34:22] CREEPER a vaincu Brigant
[17:34:22] PV restants après le combat: 150
[17:34:22] CREEPER est à la position 1 sur la carte.
[17:34:22] Demande de déplacement
[17:34:25] CREEPER avance.
[17:34:25] CREEPER rencontre un Brigant !
[17:34:25] CREEPER combat Brigant
[17:34:27] CREEPER inflige 16 dégâts à Brigant
[17:34:27] Brigant inflige 0 dégâts à CREEPER
[17:34:27] CREEPER a vaincu Brigant
[17:34:27] PV restants après le combat: 150
[17:34:27] CREEPER est à la position 2 sur la carte.
[17:34:27] Demande de déplacement
[17:34:35] CREEPER avance.
[17:34:35] CREEPER est à la position 3 sur la carte.
[17:34:35] Demande de déplacement
[17:34:38] CREEPER avance.
[17:34:38] CREEPER rencontre un Brigant !
[17:34:38] CREEPER combat Brigant
[17:34:42] CREEPER inflige 22 dégâts à Brigant
[17:34:42] Brigant inflige 26 dégâts à CREEPER
[17:34:42] CREEPER a vaincu Brigant
[17:34:42] PV restants après le combat: 124
[17:34:42] CREEPER est à la position 4 sur la carte.
[17:34:42] Demande de déplacement
[17:34:44] CREEPER avance.
[17:34:44] CREEPER a atteint la fin de la carte.
[17:34:44] PV restants à la fin de la carte: 124
[17:34:46] Passage au niveau 2: Tour de New York
[17:34:46] CREEPER est à la position 0 sur la carte.
[17:34:46] Demande de déplacement
[17:34:48] CREEPER avance.
[17:34:48] CREEPER est à la position 1 sur la carte.
[17:34:48] Demande de déplacement
[17:34:53] CREEPER avance.
[17:34:53] CREEPER est à la position 2 sur 