[17:24:22] Génération des cartes...
[17:24:22] Cartes générées
[17:24:22] Affichage des personnages disponibles...
[17:24:22] Demande de choix de personnage
[17:24:25] Personnage choisi: HITMAN
[17:24:28] Niveau 1 lancé: Tour de Paris
[17:24:28] Affichage de la carte
[17:24:28] HITMAN est à la position 0 sur la carte.
[17:24:28] Demande de déplacement
[17:24:32] HITMAN avance.
[17:24:32] HITMAN trouve un coffre !
[17:24:36] HITMAN a décidé de ne pas ouvrir le coffre.
[17:24:36] HITMAN est à la position 1 sur la carte.
[17:24:36] Demande de déplacement
[17:24:38] HITMAN avance.
[17:24:38] HITMAN rencontre un Brigant !
[17:24:38] HITMAN combat Brigant
[17:24:43] HITMAN inflige 57 dégâts à Brigant
[17:24:43] Brigant inflige 18 dégâts à HITMAN
[17:24:43] HITMAN a vaincu Brigant
[17:24:43] PV restants après le combat: 182
[17:24:43] HITMAN est à la position 2 sur la carte.
[17:24:43] Demande de déplacement
[17:25:03] HITMAN avance.
[17:25:03] HITMAN est à la position 3 sur la carte.
[17:25:03] Demande de déplacement
[17:25:09] HITMAN avance.
[17:25:09] HITMAN est à la position 4 sur la carte.
[17:25:09] Demande de déplacement
[17:25:11] HITMAN avance.
[17:25:11] HITMAN rencontre un CRS !
[17:25:11] HITMAN combat CRS
[17:25:15] HITMAN inflige 31 dégâts à CRS
[17:25:15] CRS inflige 25 dégâts à HITMAN
[17:25:15] HITMAN a vaincu CRS
[17:25:15] PV restants après le combat: 157
[17:25:15] HITMAN a atteint la fin de la carte.
[17:25:15] PV restants à la fin de la carte: 157
[17:30:01] Passage au niveau 2: Tour de New York
[17:30:01] HITMAN est à la position 0 sur la carte.
[17:30:01] Demande de déplacement
[17:30:03] HITMAN avance.
[17:30:03] HITMAN trouve un coffre !
[17:30:06] HITMAN a décidé de ne pas ouvrir le coffre.
[17:30:06] HITMAN est à la position 1 sur la carte.
[17:30:06] Demande de déplacement
[17:30:10] HITMAN avance.
[17:30:10] HITMAN rencontre un Catcheur !
[17:30:10] HITMAN combat Catcheur
[17:30:12] HITMAN inflige 54 dégâts à Catcheur
[17:30:12] Catcheur inflige 0 dégâts à HITMAN
[17:30:12] HITMAN a vaincu Catcheur
[17:30:12] PV restants après le combat: 157
[17:30:12] HITMAN est à la position 2 sur la carte.
[17:30:12] Demande de déplacement
[17:30:19] HITMAN avance.
[17:30:19] HITMAN est à la position 3 sur la carte.
[17:30:19] Demande de déplacement
[17:30:23] HITMAN avance.
[17:30:23] HITMAN trouve un coffre !
[17:30:28] Le coffre trouvé par HITMAN est vide ou contient des objets inutiles.
[17:30:28] HITMAN est à la position 4 sur la carte.
[17:30:28] Demande de déplacement
[17:30:33] HITMAN avance.
[17:30:33] HITMAN trouve un coffre !
[17:30:35] Le coffre trouvé par HITMAN est vide ou contient des objets inutiles.
[17:30:35] HITMAN est à la position 5 sur la carte.
[17:30:35] Demande de déplacement
[17:30:43] HITMAN avance.
[17:30:43] HITMAN est à la position 6 sur la carte.
[17:30:43] Demande de déplacement
[17:30:45] HITMAN avance.
[17:30:45] HITMAN a atteint la fin de la carte.
[17:30:45] PV restants à la fin de la carte: 157
[17:30:58] Passage au niveau 3: Tour de Tokyo
[17:30:58] HITMAN est à la position 0 sur la carte.
[17:30:58] Demande de déplacement
[17:31:01] HITMAN avance.
[17:31:01] HITMAN rencontre un Brigant !
[17:31:01] HITMAN combat Brigant
[17:31:03] HITMAN inflige 56 dégâts à Brigant
[17:31:03] Brigant inflige 23 dégâts à HITMAN
[17:31:03] HITMAN a vaincu Brigant
[17:31:03] PV restants après le combat: 134
[17:31:03] HITMAN est à la position 1 sur la carte.
[17:31:03] Demande de déplacement
[17:31:09] HITMAN avance.
[17:3