[15:25:24] Génération des cartes...
[15:25:24] Cartes générées
[15:25:24] Affichage des personnages disponibles...
[15:25:24] Demande de choix de personnage
[15:25:29] Personnage choisi: HITMAN
[15:25:31] Niveau 1 lancé: Tour de Paris
[15:25:31] Affichage de la carte
[15:25:31] HITMAN est à la position 0 sur la carte.
[15:25:31] Demande de déplacement
[15:25:32] HITMAN avance.
[15:25:32] HITMAN est à la position 1 sur la carte.
[15:25:32] Demande de déplacement
[15:25:34] HITMAN avance.
[15:25:34] HITMAN est à la position 2 sur la carte.
[15:25:34] Demande de déplacement
[15:25:36] HITMAN avance.
[15:25:36] HITMAN est à la position 3 sur la carte.
[15:25:36] Demande de déplacement
[15:25:37] HITMAN avance.
[15:25:37] HITMAN trouve un coffre !
[15:25:39] HITMAN a trouvé une potion de soin et récupère 31 PV.
[15:25:39] HITMAN est à la position 4 sur la carte.
[15:25:39] Demande de déplacement
[15:25:40] HITMAN avance.
[15:25:40] HITMAN rencontre un Catcheur !
[15:25:40] HITMAN combat Catcheur
[15:25:40] HITMAN inflige 11 dégâts à Catcheur
[15:25:40] Catcheur inflige 0 dégâts à HITMAN
[15:25:40] HITMAN inflige 11 dégâts à Catcheur
[15:25:40] Catcheur inflige 0 dégâts à HITMAN
[15:25:40] HITMAN inflige 11 dégâts à Catcheur
[15:25:40] Catcheur inflige 0 dégâts à HITMAN
[15:25:40] HITMAN inflige 11 dégâts à Catcheur
[15:25:40] Catcheur inflige 0 dégâts à HITMAN
[15:25:40] HITMAN inflige 11 dégâts à Catcheur
[15:25:40] Catcheur inflige 0 dégâts à HITMAN
[15:25:40] HITMAN inflige 11 dégâts à Catcheur
[15:25:40] Catcheur inflige 0 dégâts à HITMAN
[15:25:40] HITMAN inflige 11 dégâts à Catcheur
[15:25:40] Catcheur inflige 0 dégâts à HITMAN
[15:25:40] HITMAN inflige 11 dégâts à Catcheur
[15:25:40] Catcheur inflige 0 dégâts à HITMAN
[15:25:40] HITMAN inflige 11 dégâts à Catcheur
[15:25:40] Catcheur inflige 0 dégâts à HITMAN
[15:25:40] HITMAN a vaincu Catcheur
[15:25:40] PV restants après le combat: 231
[15:25:40] HITMAN a atteint la fin de la carte.
[15:25:40] PV restants à la fin de la carte: 231
[15:25:42] Passage au niveau 2: Tour de New York
[15:25:42] HITMAN est à la position 0 sur la carte.
[15:25:42] Demande de déplacement
[15:25:44] HITMAN avance.
[15:25:44] HITMAN est à la position 1 sur la carte.
[15:25:44] Demande de déplacement
[15:25:45] HITMAN avance.
[15:25:45] HITMAN trouve un coffre !
[15:25:46] HITMAN a trouvé une potion de soin et récupère 15 PV.
[15:25:46] HITMAN est à la position 2 sur la carte.
[15:25:46] Demande de déplacement
[15:25:47] HITMAN avance.
[15:25:47] HITMAN trouve un coffre !
[15:25:48] HITMAN a trouvé une potion de soin et récupère 19 PV.
[15:25:48] HITMAN est à la position 3 sur la carte.
[15:25:48] Demande de déplacement
[15:25:49] HITMAN avance.
[15:25:49] HITMAN rencontre un Brigant !
[15:25:49] HITMAN combat Brigant
[15:25:49] HITMAN inflige 54 dégâts à Brigant
[15:25:49] Brigant inflige 0 dégâts à HITMAN
[15:25:49] HITMAN a vaincu Brigant
[15:25:49] PV restants après le combat: 265
[15:25:49] HITMAN est à la position 4 sur la carte.
[15:25:49] Demande de déplacement
[15:25:50] HITMAN avance.
[15:25:50] HITMAN est à la position 5 sur la carte.
[15:25:50] Demande de déplacement
[15:25:51] HITMAN avance.
[15:25:51] HITMAN trouve un coffre !
[15:25:52] HITMAN a trouvé une potion de soin et récupère 31 PV.
[15:25:52] HITMAN est à la position 6 sur la carte.
[15:25:52] Demande de déplacement
[15:25:52] HITMAN avance.
[15:25:52] HITMAN a atteint la fin de la carte.
[15:25:52] PV restants à la fin de la carte: 296
[15:25:56] Passage au niveau 3: Tour de Tokyo
[15:25:56] HITMAN est à la position 0 sur la carte.
[15:25:56] Demande de déplacement
[15:25:58] HITMAN avance.
[15:25:58] HITMAN trouve un coffre !
[15:25:58] HITMAN a décidé de ne pas ouvrir le coffre.
[15:25:58] HITMAN est à la position 1 sur la carte.
[15:25:58] Demande de déplacement
[15:26:00] HITMAN avance.
[15:26:00] HITMAN est à la position 2 sur la carte.
[15:26:00] Demande de déplacement
[15:26:02] HITMAN avance.
[15:26:02] HITMAN trouve un coffre !
[15:26:02] HITMAN a décidé de ne pas ouvrir le coffre.
[15:26:02] HITMAN est à la position 3 sur la carte.
[15:26:02] Demande de déplacement
[15:26:03] HITMAN avance.
[15:26:03] HITMAN trouve un coffre !
[15:26:03] HITMAN a décidé de ne pas ouvrir le coffre.
[15:26:03] HITMAN est à la position 4 sur la carte.
[15:26:03] Demande de déplacement
[15:26:04] HITMAN avance.
[15:26:04] HITMAN est à la position 5 sur la carte.
[15:26:04] Demande de déplacement
[15:26:04] HITMAN avance.
[15:26:04] HITMAN a atteint la fin de la carte.
[15:26:04] PV restants à la fin de la carte: 296
