[12:19:18] Game started
[12:19:18] Génération des cartes...
[12:19:18] Cartes générées
[12:19:18] Affichage des personnages disponibles...
[12:19:18] Demande de choix de personnage
[12:19:27] Personnage choisi: HITMAN
[12:19:29] Niveau 1 lancé: Tour de Paris
[12:19:29] Affichage de la carte
[12:19:29] HITMAN est à la position 0 sur la carte.
[12:19:29] Demande de déplacement
[12:19:30] HITMAN avance.
[12:19:30] HITMAN trouve un coffre !
[12:19:32] HITMAN a décidé de ne pas ouvrir le coffre.
[12:19:32] HITMAN est à la position 1 sur la carte.
[12:19:32] Demande de déplacement
[12:19:33] HITMAN avance.
[12:19:33] HITMAN est à la position 2 sur la carte.
[12:19:33] Demande de déplacement
[12:19:33] HITMAN avance.
[12:19:33] HITMAN est à la position 3 sur la carte.
[12:19:33] Demande de déplacement
[12:19:34] HITMAN avance.
[12:19:34] HITMAN rencontre un Brigant !
[12:19:34] HITMAN combat Brigant
[12:19:36] HITMAN inflige 46 dégâts à Brigant
[12:19:36] Brigant inflige 0 dégâts à HITMAN
[12:19:36] HITMAN inflige 46 dégâts à Brigant
[12:19:36] Brigant inflige 0 dégâts à HITMAN
[12:19:36] HITMAN a vaincu Brigant
[12:19:36] PV restants après le combat: 200
[12:19:36] HITMAN est à la position 4 sur la carte.
[12:19:36] Demande de déplacement
[12:19:37] HITMAN avance.
[12:19:37] HITMAN rencontre un Catcheur !
[12:19:37] HITMAN combat Catcheur
[12:19:37] HITMAN inflige 57 dégâts à Catcheur
[12:19:37] Catcheur inflige 37 dégâts à HITMAN
[12:19:37] HITMAN a vaincu Catcheur
[12:19:37] PV restants après le combat: 163
[12:19:37] HITMAN a atteint la fin de la carte.
[12:19:37] PV restants à la fin de la carte: 163
[12:19:40] Passage au niveau 2: Tour de New York
[12:19:40] HITMAN est à la position 0 sur la carte.
[12:19:40] Demande de déplacement
[12:19:41] HITMAN avance.
[12:19:41] HITMAN est à la position 1 sur la carte.
[12:19:41] Demande de déplacement
[12:19:42] HITMAN avance.
[12:19:42] HITMAN rencontre un Sniper !
[12:19:42] HITMAN combat Sniper
[12:19:44] HITMAN inflige 58 dégâts à Sniper
[12:19:44] Sniper inflige 16 dégâts à HITMAN
[12:19:44] HITMAN a vaincu Sniper
[12:19:44] PV restants après le combat: 147
[12:19:44] HITMAN est à la position 2 sur la carte.
[12:19:44] Demande de déplacement
[12:19:48] HITMAN avance.
[12:19:48] HITMAN est à la position 3 sur la carte.
[12:19:48] Demande de déplacement
[12:19:48] HITMAN avance.
[12:19:48] HITMAN est à la position 4 sur la carte.
[12:19:48] Demande de déplacement
[12:19:49] HITMAN avance.
[12:19:49] HITMAN rencontre un Brigant !
[12:19:49] HITMAN combat Brigant
[12:19:49] HITMAN inflige 51 dégâts à Brigant
[12:19:49] Brigant inflige 0 dégâts à HITMAN
[12:19:49] HITMAN inflige 51 dégâts à Brigant
[12:19:49] Brigant inflige 0 dégâts à HITMAN
[12:19:49] HITMAN a vaincu Brigant
[12:19:49] PV restants après le combat: 147
[12:19:49] HITMAN est à la position 5 sur la carte.
[12:19:49] Demande de déplacement
[12:19:59] HITMAN avance.
[12:19:59] HITMAN est à la position 6 sur la carte.
[12:19:59] Demande de déplacement
[12:20:00] HITMAN avance.
[12:20:00] HITMAN a atteint la fin de la carte.
[12:20:00] PV restants à la fin de la carte: 147
[12:20:04] Passage au niveau 3: Tour de Tokyo
[12:20:04] HITMAN est à la position 0 sur la carte.
[12:20:04] Demande de déplacement
[12:20:05] HITMAN avance.
[12:20:05] HITMAN rencontre un Brigant !
[12:20:05] HITMAN combat Brigant
[12:20:09] HITMAN inflige 37 dégâts à Brigant
[12:20:09] Brigant inflige 5 dégâts à HITMAN
[12:20:09] HITMAN inflige 37 dégâts à Brigant
[12:20:09] Brigant inflige 5 dégâts à HITMAN
[12:20:09] HITMAN a vaincu Brigant
[12:20:09] PV restants après le combat: 137
[12:20:09] HITMAN est à la position 1 sur la carte.
[12:20:09] Demande de déplacement
[12:20:10] HITMAN avance.
[12:20:10] HITMAN est à la position 2 sur la carte.
[12:20:10] Demande de déplacement
[12:20:11] HITMAN avance.
[12:20:11] HITMAN est à la position 3 sur la carte.
[12:20:11] Demande de déplacement
[12:20:12] HITMAN avance.
[12:20:12] HITMAN est à la position 4 s