[12:54:58] Game started
[12:54:58] Génération des cartes...
[12:54:58] Cartes générées
[12:54:58] Affichage des personnages disponibles...
[12:54:58] Demande de choix de personnage
[12:55:04] Personnage choisi: CREEPER
[12:55:06] Niveau 1 lancé: Tour de Paris
[12:55:06] Affichage de la carte
[12:55:06] CREEPER est à la position 0 sur la carte.
[12:55:06] Demande de déplacement
[12:55:07] CREEPER avance.
[12:55:07] CREEPER trouve un coffre !
[12:55:08] Le coffre trouvé par CREEPER est vide ou contient des objets inutiles.
[12:55:08] CREEPER est à la position 1 sur la carte.
[12:55:08] Demande de déplacement
[12:55:09] CREEPER avance.
[12:55:09] CREEPER est à la position 2 sur la carte.
[12:55:09] Demande de déplacement
[12:55:10] CREEPER avance.
[12:55:10] CREEPER est à la position 3 sur la carte.
[12:55:10] Demande de déplacement
[12:55:11] CREEPER avance.
[12:55:11] CREEPER trouve un coffre !
[12:55:11] Le coffre trouvé par CREEPER est vide ou contient des objets inutiles.
[12:55:11] CREEPER est à la position 4 sur la carte.
[12:55:11] Demande de déplacement
[12:55:12] CREEPER avance.
[12:55:12] CREEPER rencontre un Brigant !
[12:55:12] CREEPER combat Brigant
[12:55:14] CREEPER inflige 5 dégâts à Brigant
[12:55:14] Brigant inflige 23 dégâts à CREEPER
[12:55:14] CREEPER inflige 5 dégâts à Brigant
[12:55:14] Brigant inflige 23 dégâts à CREEPER
[12:55:14] CREEPER inflige 5 dégâts à Brigant
[12:55:14] Brigant inflige 23 dégâts à CREEPER
[12:55:14] CREEPER inflige 5 dégâts à Brigant
[12:55:14] Brigant inflige 23 dégâts à CREEPER
[12:55:14] CREEPER inflige 5 dégâts à Brigant
[12:55:14] Brigant inflige 23 dégâts à CREEPER
[12:55:14] CREEPER inflige 5 dégâts à Brigant
[12:55:14] Brigant inflige 23 dégâts à CREEPER
[12:55:14] CREEPER inflige 5 dégâts à Brigant
[12:55:14] Brigant inflige 23 dégâts à CREEPER
[12:55:14] CREEPER inflige 5 dégâts à Brigant
[12:55:14] Brigant inflige 23 dégâts à CREEPER
[12:55:14] CREEPER a vaincu Brigant
[12:55:14] PV restants après le combat: 16
[12:55:14] CREEPER a atteint la fin de la carte.
[12:55:14] PV restants à la fin de la carte: 16
[12:55:16] Passage au niveau 2: Tour de New York
