[21:02:32] Game started
[21:02:32] Génération des cartes...
[21:02:32] Cartes générées
[21:02:32] Affichage des personnages disponibles...
[21:02:32] Demande de choix de personnage
[21:02:33] Personnage choisi: HITMAN
[21:02:35] Niveau 1 lancé: Tour de Paris
[21:02:35] Affichage de la carte
[21:02:35] HITMAN est à la position 0 sur la carte.
[21:02:35] Demande de déplacement
[21:02:36] HITMAN avance.
[21:02:36] HITMAN rencontre un CRS !
[21:02:36] HITMAN combat CRS
[21:02:38] HITMAN inflige 6 dégâts à CRS
[21:02:38] CRS inflige 51 dégâts à HITMAN
[21:02:38] HITMAN inflige 6 dégâts à CRS
[21:02:38] CRS inflige 51 dégâts à HITMAN
[21:02:38] HITMAN a vaincu CRS
[21:02:38] PV restants après le combat: 98
[21:02:38] HITMAN est à la position 1 sur la carte.
[21:02:38] Demande de déplacement
[21:02:39] HITMAN avance.
[21:02:39] HITMAN rencontre un Catcheur !
[21:02:39] HITMAN combat Catcheur
[21:02:39] HITMAN inflige 5 dégâts à Catcheur
[21:02:39] Catcheur inflige 22 dégâts à HITMAN
[21:02:39] HITMAN inflige 5 dégâts à Catcheur
[21:02:39] Catcheur inflige 22 dégâts à HITMAN
[21:02:39] HITMAN inflige 5 dégâts à Catcheur
[21:02:39] Catcheur inflige 22 dégâts à HITMAN
[21:02:39] HITMAN inflige 5 dégâts à Catcheur
[21:02:39] Catcheur inflige 22 dégâts à HITMAN
[21:02:39] HITMAN inflige 5 dégâts à Catcheur
[21:02:39] Catcheur inflige 22 dégâts à HITMAN
[21:02:39] HITMAN a été vaincu par Catcheur
[21:02:39] PV restants après le combat: -12
[21:02:39] HITMAN a été vaincu. Fin du jeu.
