[12:24:21] Game started
[12:24:21] Génération des cartes...
[12:24:21] Cartes générées
[12:24:21] Affichage des personnages disponibles...
[12:24:21] Demande de choix de personnage
[12:24:31] Personnage choisi: HITMAN
[12:24:33] Niveau 1 lancé: Tour de Paris
[12:24:33] Affichage de la carte
[12:24:33] HITMAN est à la position 0 sur la carte.
[12:24:33] Demande de déplacement
[12:24:34] HITMAN avance.
[12:24:34] HITMAN est à la position 1 sur la carte.
[12:24:34] Demande de déplacement
[12:24:35] HITMAN avance.
[12:24:35] HITMAN est à la position 2 sur la carte.
[12:24:35] Demande de déplacement
[12:24:36] HITMAN avance.
[12:24:36] HITMAN rencontre un Sniper !
[12:24:36] HITMAN combat Sniper
[12:24:38] HITMAN inflige 45 dégâts à Sniper
[12:24:38] Sniper inflige 70 dégâts à HITMAN
[12:24:38] HITMAN a vaincu Sniper
[12:24:38] PV restants après le combat: 130
[12:24:38] HITMAN est à la position 3 sur la carte.
[12:24:38] Demande de déplacement
[12:24:40] HITMAN avance.
[12:24:40] HITMAN rencontre un Brigant !
[12:24:40] HITMAN combat Brigant
[12:24:40] HITMAN inflige 53 dégâts à Brigant
[12:24:40] Brigant inflige 5 dégâts à HITMAN
[12:24:40] HITMAN a vaincu Brigant
[12:24:40] PV restants après le combat: 125
[12:24:40] HITMAN est à la position 4 sur la carte.
[12:24:40] Demande de déplacement
[12:24:42] HITMAN avance.
[12:24:42] HITMAN a atteint la fin de la carte.
[12:24:42] PV restants à la fin de la carte: 125
[12:24:45] Passage au niveau 2: Tour de New York
[12:24:45] HITMAN est à la position 0 sur la carte.
[12:24:45] Demande de déplacement
[12:24:45] HITMAN avance.
[12:24:45] HITMAN rencontre un CRS !
[12:24:45] HITMAN combat CRS
[12:24:47] HITMAN inflige 38 dégâts à CRS
[12:24:47] CRS inflige 18 dégâts à HITMAN
[12:24:47] HITMAN inflige 38 dégâts à CRS
[12:24:47] CRS inflige 18 dégâts à HITMAN
[12:24:47] HITMAN inflige 38 dégâts à CRS
[12:24:47] CRS inflige 18 dégâts à HITMAN
[12:24:47] HITMAN a vaincu CRS
[12:24:47] PV restants après le combat: 71
[12:24:47] HITMAN est à la position 1 sur la carte.
[12:24:47] Demande de déplacement
[12:24:49] HITMAN avance.
[12:24:49] HITMAN rencontre un Brigant !
[12:24:49] HITMAN combat Brigant
[12:24:49] HITMAN inflige 57 dégâts à Brigant
[12:24:49] Brigant inflige 5 dégâts à HITMAN
[12:24:49] HITMAN a vaincu Brigant
[12:24:49] PV restants après le combat: 66
[12:24:49] HITMAN est à la position 2 sur la carte.
[12:24:49] Demande de déplacement
[12:24:50] HITMAN avance.
[12:24:50] HITMAN est à la position 3 sur la carte.
[12:24:50] Demande de déplacement
[12:24:50] HITMAN avance.
[12:24:50] HITMAN rencontre un Brigant !
[12:24:50] HITMAN combat Brigant
[12:24:50] HITMAN inflige 33 dégâts à Brigant
[12:24:50] Brigant inflige 8 dégâts à HITMAN
[12:24:50] HITMAN inflige 33 dégâts à Brigant
[12:24:50] Brigant inflige 8 dégâts à HITMAN
[12:24:50] HITMAN a vaincu Brigant
[12:24:50] PV restants après le combat: 50
[12:24:50] HITMAN est à la position 4 sur la carte.
[12:24:50] Demande de déplacement
[12:24