[20:53:04] Game started
[20:53:04] Génération des cartes...
[20:53:04] Cartes générées
[20:53:04] Affichage des personnages disponibles...
[20:53:04] Demande de choix de personnage
[20:53:07] Personnage choisi: HITMAN
[20:53:09] Niveau 1 lancé: Tour de Paris
[20:53:09] Affichage de la carte
[20:53:09] HITMAN est à la position 0 sur la carte.
[20:53:09] Demande de déplacement
[20:53:10] HITMAN avance.
[20:53:10] HITMAN est à la position 1 sur la carte.
[20:53:10] Demande de déplacement
[20:53:11] HITMAN avance.
[20:53:11] HITMAN est à la position 2 sur la carte.
[20:53:11] Demande de déplacement
[20:53:12] HITMAN avance.
[20:53:12] HITMAN est à la position 3 sur la carte.
[20:53:12] Demande de déplacement
[20:53:12] HITMAN avance.
[20:53:12] HITMAN est à la position 4 sur la carte.
[20:53:12] Demande de déplacement
[20:53:13] HITMAN avance.
[20:53:13] HITMAN rencontre un Catcheur !
[20:53:13] HITMAN combat Catcheur
[20:53:15] HITMAN inflige 5 dégâts à Catcheur
[20:53:15] Catcheur inflige 37 dégâts à HITMAN
[20:53:15] HITMAN inflige 5 dégâts à Catcheur
[20:53:15] Catcheur inflige 37 dégâts à HITMAN
[20:53:15] HITMAN a vaincu Catcheur
[20:53:15] PV restants après le combat: 126
[20:53:15] HITMAN a atteint la fin de la carte.
[20:53:15] PV restants à la fin de la carte: 126
[20:53:17] Passage au niveau 2: Tour de New York
