[20:59:43] Game started
[20:59:43] Génération des cartes...
[20:59:43] Cartes générées
[20:59:43] Affichage des personnages disponibles...
[20:59:43] Demande de choix de personnage
[20:59:46] Personnage choisi: GUERISSEUR
[20:59:49] Niveau 1 lancé: Tour de Paris
[20:59:49] Affichage de la carte
[20:59:49] GUERISSEUR est à la position 0 sur la carte.
[20:59:49] Demande de déplacement
[20:59:50] GUERISSEUR avance.
[20:59:50] GUERISSEUR est à la position 1 sur la carte.
[20:59:50] Demande de déplacement
[20:59:51] GUERISSEUR avance.
[20:59:51] GUERISSEUR rencontre un Brigant !
[20:59:51] GUERISSEUR combat Brigant
[20:59:53] GUERISSEUR inflige 5 dégâts à Brigant
[20:59:53] Brigant inflige 37 dégâts à GUERISSEUR
[20:59:53] GUERISSEUR inflige 5 dégâts à Brigant
[20:59:53] Brigant inflige 37 dégâts à GUERISSEUR
[20:59:53] GUERISSEUR inflige 5 dégâts à Brigant
[20:59:53] Brigant inflige 37 dégâts à GUERISSEUR
[20:59:53] GUERISSEUR inflige 5 dégâts à Brigant
[20:59:53] Brigant inflige 37 dégâts à GUERISSEUR
[20:59:53] GUERISSEUR inflige 5 dégâts à Brigant
[20:59:53] Brigant inflige 37 dégâts à GUERISSEUR
[20:59:53] GUERISSEUR inflige 5 dégâts à Brigant
[20:59:53] Brigant inflige 37 dégâts à GUERISSEUR
[20:59:53] GUERISSEUR a vaincu Brigant
[20:59:53] PV restants après le combat: 78
[20:59:53] GUERISSEUR est à la position 2 sur la carte.
[20:59:53] Demande de déplacement
[20:59:54] GUERISSEUR avance.
[20:59:54] GUERISSEUR est à la position 3 sur la carte.
[20:59:54] Demande de déplacement
[20:59:55] GUERISSEUR avance.
[20:59:55] GUERISSEUR est à la position 4 sur la carte.
[20:59:55] Demande de déplacement
[20:59:55] GUERISSEUR avance.
[20:59:55] GUERISSEUR trouve un coffre !
[20:59:56] Le coffre trouvé par GUERISSEUR est vide ou contient des objets inutiles.
[20:59:56] GUERISSEUR a atteint la fin de la carte.
[20:59:56] PV restants à la fin de la carte: 78
