[21:44:21] Game started
[21:44:21] Génération des cartes...
[21:44:21] Cartes générées
[21:44:21] Affichage des personnages disponibles...
[21:44:21] Demande de choix de personnage
[21:44:24] Personnage choisi: HITMAN
[21:44:25] Niveau 1 lancé: Tour de Paris
[21:44:25] Affichage de la carte
[21:44:25] HITMAN est à la position 0 sur la carte.
[21:44:25] Demande de déplacement
[21:44:27] HITMAN avance.
[21:44:27] HITMAN est à la position 1 sur la carte.
[21:44:27] Demande de déplacement
[21:44:27] HITMAN avance.
[21:44:27] HITMAN est à la position 2 sur la carte.
[21:44:27] Demande de déplacement
[21:44:28] HITMAN avance.
[21:44:28] HITMAN est à la position 3 sur la carte.
[21:44:28] Demande de déplacement
[21:44:28] HITMAN avance.
[21:44:28] HITMAN rencontre un CRS !
[21:44:28] HITMAN combat CRS
[21:44:30] HITMAN inflige 5 dégâts à CRS
[21:44:30] CRS inflige 2 dégâts à HITMAN
[21:44:30] HITMAN inflige 5 dégâts à CRS
[21:44:30] CRS inflige 2 dégâts à HITMAN
[21:44:30] HITMAN inflige 5 dégâts à CRS
[21:44:30] CRS inflige 2 dégâts à HITMAN
[21:44:30] HITMAN inflige 5 dégâts à CRS
[21:44:30] CRS inflige 2 dégâts à HITMAN
[21:44:30] HITMAN inflige 5 dégâts à CRS
[21:44:30] CRS inflige 2 dégâts à HITMAN
[21:44:30] HITMAN a vaincu CRS
[21:44:30] PV restants après le combat: 190
[21:44:30] HITMAN est à la position 4 sur la carte.
[21:44:30] Demande de déplacement
[21:44:31] HITMAN avance.
[21:44:31] HITMAN a atteint la fin de la carte.
[21:44:31] PV restants à la fin de la carte: 190
[21:44:32] Passage au niveau 2: Tour de New York
[21:44:32] Position réinitialisée à 0
[21:44:32] HITMAN est à la position 0 sur la carte.
[21:44:32] Demande de déplacement
[21:44:33] HITMAN avance.
[21:44:33] HITMAN est à la position 1 sur la carte.
[21:44:33] Demande de déplacement
[21:44:34] HITMAN avance.
[21:44:34] HITMAN rencontre un Sniper !
[21:44:34] HITMAN combat Sniper
[21:44:34] HITMAN inflige 5 dégâts à Sniper
[21:44:34] Sniper inflige 35 dégâts à HITMAN
[21:44:34] HITMAN inflige 5 dégâts à Sniper
[21:44:34] Sniper inflige 35 dégâts à HITMAN
[21:44:34] HITMAN inflige 5 dégâts à Sniper
[21:44:34] Sniper inflige 35 dégâts à HITMAN
[21:44:34] HITMAN inflige 5 dégâts à Sniper
[21:44:34] Sniper inflige 35 dégâts à HITMAN
[21:44:34] HITMAN inflige 5 dégâts à Sniper
[21:44:34] Sniper inflige 35 dégâts à HITMAN
[21:44:34] HITMAN inflige 5 dégâts à Sniper
[21:44:34] Sniper inflige 35 dégâts à HITMAN
[21:44:34] HITMAN a été vaincu par Sniper
[21:44:34] PV restants après le combat: -20
[21:44:34] HITMAN a été vaincu. Fin du jeu.
