[12:52:15] Game started
[12:52:15] Génération des cartes...
[12:52:15] Cartes générées
[12:52:15] Affichage des personnages disponibles...
[12:52:15] Demande de choix de personnage
[12:52:23] Personnage choisi: GUERISSEUR
[12:52:24] Niveau 1 lancé: Tour de Paris
[12:52:24] Affichage de la carte
[12:52:24] GUERISSEUR est à la position 0 sur la carte.
[12:52:24] Demande de déplacement
[12:52:25] GUERISSEUR avance.
[12:52:25] GUERISSEUR est à la position 1 sur la carte.
[12:52:25] Demande de déplacement
[12:52:26] GUERISSEUR avance.
[12:52:26] GUERISSEUR est à la position 2 sur la carte.
[12:52:26] Demande de déplacement
[12:52:27] GUERISSEUR avance.
[12:52:27] GUERISSEUR rencontre un CRS !
[12:52:27] GUERISSEUR combat CRS
[12:52:29] GUERISSEUR inflige 5 dégâts à CRS
[12:52:29] CRS inflige 2 dégâts à GUERISSEUR
[12:52:29] GUERISSEUR inflige 5 dégâts à CRS
[12:52:29] CRS inflige 2 dégâts à GUERISSEUR
[12:52:29] GUERISSEUR inflige 5 dégâts à CRS
[12:52:29] CRS inflige 2 dégâts à GUERISSEUR
[12:52:29] GUERISSEUR inflige 5 dégâts à CRS
[12:52:29] CRS inflige 2 dégâts à GUERISSEUR
[12:52:29] GUERISSEUR inflige 5 dégâts à CRS
[12:52:29] CRS inflige 2 dégâts à GUERISSEUR
[12:52:29] GUERISSEUR inflige 5 dégâts à CRS
[12:52:29] CRS inflige 2 dégâts à GUERISSEUR
[12:52:29] GUERISSEUR inflige 5 dégâts à CRS
[12:52:29] CRS inflige 2 dégâts à GUERISSEUR
[12:52:29] GUERISSEUR inflige 5 dégâts à CRS
[12:52:29] CRS inflige 2 dégâts à GUERISSEUR
[12:52:29] GUERISSEUR inflige 5 dégâts à CRS
[12:52:29] CRS inflige 2 dégâts à GUERISSEUR
[12:52:29] GUERISSEUR inflige 5 dégâts à CRS
[12:52:29] CRS inflige 2 dégâts à GUERISSEUR
[12:52:29] GUERISSEUR inflige 5 dégâts à CRS
[12:52:29] CRS inflige 2 dégâts à GUERISSEUR
[12:52:29] GUERISSEUR inflige 5 dégâts à CRS
[12:52:29] CRS inflige 2 dégâts à GUERISSEUR
[12:52:29] GUERISSEUR inflige 5 dégâts à CRS
[12:52:29] CRS inflige 2 dégâts à GUERISSEUR
[12:52:29] GUERISSEUR inflige 5 dégâts à CRS
[12:52:29] CRS inflige 2 dégâts à GUERISSEUR
[12:52:29] GUERISSEUR inflige 5 dégâts à CRS
[12:52:29] CRS inflige 2 dégâts à GUERISSEUR
[12:52:29] GUERISSEUR inflige 5 dégâts à CRS
[12:52:29] CRS inflige 2 dégâts à GUERISSEUR
[12:52:29] GUERISSEUR inflige 5 dégâts à CRS
[12:52:29] CRS inflige 2 dégâts à GUERISSEUR
[12:52:29] GUERISSEUR inflige 5 dégâts à CRS
[12:52:29] CRS inflige 2 dégâts à GUERISSEUR
[12:52:29] GUERISSEUR inflige 5 dégâts à CRS
[12:52:29] CRS inflige 2 dégâts à GUERISSEUR
[12:52:29] GUERISSEUR a vaincu CRS
[12:52:29] PV restants après le combat: 262
[12:52:29] GUERISSEUR est à la position 3 sur la carte.
[12:52:29] Demande de déplacement
[12:52:32] GUERISSEUR avance.
[12:52:32] GUERISSEUR trouve un coffre !
[12:52:33] GUERISSEUR a trouvé une potion de soin et récupère 35 PV.
[12:52:33] GUERISSEUR est à la position 4 sur la carte.
[12:52:33] Demande de déplacement
[12:52:35] GUERISSEUR avance.
[12:52:35] GUERISSEUR a atteint la fin de la carte.
[12:52:35] PV restants à la fin de la carte: 297
[12:52:38] Passage au niveau 2: Tour de New York
