[21:02:19] Game started
[21:02:19] Génération des cartes...
[21:02:19] Cartes générées
[21:02:19] Affichage des personnages disponibles...
[21:02:19] Demande de choix de personnage
[21:02:21] Personnage choisi: HITMAN
[21:02:24] Niveau 1 lancé: Tour de Paris
[21:02:24] Affichage de la carte
[21:02:24] HITMAN est à la position 0 sur la carte.
[21:02:24] Demande de déplacement
[21:02:25] HITMAN avance.
[21:02:25] HITMAN rencontre un Catcheur !
[21:02:25] HITMAN combat Catcheur
[21:02:26] HITMAN inflige 5 dégâts à Catcheur
[21:02:26] Catcheur inflige 63 dégâts à HITMAN
[21:02:26] HITMAN inflige 5 dégâts à Catcheur
[21:02:26] Catcheur inflige 63 dégâts à HITMAN
[21:02:26] HITMAN inflige 5 dégâts à Catcheur
[21:02:26] Catcheur inflige 63 dégâts à HITMAN
[21:02:26] HITMAN inflige 5 dégâts à Catcheur
[21:02:26] Catcheur inflige 63 dégâts à HITMAN
[21:02:26] HITMAN a été vaincu par Catcheur
[21:02:26] PV restants après le combat: -52
[21:02:26] HITMAN a été vaincu. Fin du jeu.
