[12:49:17] Game started
[12:49:17] Génération des cartes...
[12:49:17] Cartes générées
[12:49:17] Affichage des personnages disponibles...
[12:49:17] Demande de choix de personnage
[12:49:19] Personnage choisi: HITMAN
[12:49:21] Niveau 1 lancé: Tour de Paris
[12:49:21] Affichage de la carte
[12:49:21] HITMAN est à la position 0 sur la carte.
[12:49:21] Demande de déplacement
[12:49:22] HITMAN avance.
[12:49:22] HITMAN rencontre un Brigant !
[12:49:22] HITMAN combat Brigant
[12:49:23] HITMAN inflige 6 dégâts à Brigant
[12:49:23] Brigant inflige 13 dégâts à HITMAN
[12:49:23] HITMAN inflige 6 dégâts à Brigant
[12:49:23] Brigant inflige 13 dégâts à HITMAN
[12:49:23] HITMAN inflige 6 dégâts à Brigant
[12:49:23] Brigant inflige 13 dégâts à HITMAN
[12:49:23] HITMAN inflige 6 dégâts à Brigant
[12:49:23] Brigant inflige 13 dégâts à HITMAN
[12:49:23] HITMAN inflige 6 dégâts à Brigant
[12:49:23] Brigant inflige 13 dégâts à HITMAN
[12:49:23] HITMAN inflige 6 dégâts à Brigant
[12:49:23] Brigant inflige 13 dégâts à HITMAN
[12:49:23] HITMAN inflige 6 dégâts à Brigant
[12:49:23] Brigant inflige 13 dégâts à HITMAN
[12:49:23] HITMAN inflige 6 dégâts à Brigant
[12:49:23] Brigant inflige 13 dégâts à HITMAN
[12:49:23] HITMAN a été vaincu par Brigant
[12:49:23] PV restants après le combat: -4
[12:49:23] HITMAN a été vaincu. Fin du jeu.
