[21:02:44] Game started
[21:02:44] Génération des cartes...
[21:02:44] Cartes générées
[21:02:44] Affichage des personnages disponibles...
[21:02:44] Demande de choix de personnage
[21:02:47] Personnage choisi: GUERISSEUR
[21:02:49] Niveau 1 lancé: Tour de Paris
[21:02:49] Affichage de la carte
[21:02:49] GUERISSEUR est à la position 0 sur la carte.
[21:02:49] Demande de déplacement
[21:02:50] GUERISSEUR avance.
[21:02:50] GUERISSEUR trouve un coffre !
[21:02:51] Le coffre trouvé par GUERISSEUR est vide ou contient des objets inutiles.
[21:02:51] GUERISSEUR est à la position 1 sur la carte.
[21:02:51] Demande de déplacement
[21:02:52] GUERISSEUR avance.
[21:02:52] GUERISSEUR est à la position 2 sur la carte.
[21:02:52] Demande de déplacement
[21:02:52] GUERISSEUR avance.
[21:02:52] GUERISSEUR est à la position 3 sur la carte.
[21:02:52] Demande de déplacement
[21:02:53] GUERISSEUR avance.
[21:02:53] GUERISSEUR est à la position 4 sur la carte.
[21:02:53] Demande de déplacement
[21:02:53] GUERISSEUR avance.
[21:02:54] GUERISSEUR a atteint la fin de la carte.
[21:02:54] PV restants à la fin de la carte: 300
[21:02:55] Passage au niveau 2: Tour de New York
[21:02:55] Position réinitialisée à 0
[21:02:55] GUERISSEUR est à la position 0 sur la carte.
[21:02:55] Demande de déplacement
[21:02:56] GUERISSEUR avance.
[21:02:56] GUERISSEUR est à la position 1 sur la carte.
[21:02:56] Demande de déplacement
[21:02:56] GUERISSEUR avance.
[21:02:56] GUERISSEUR est à la position 2 sur la carte.
[21:02:56] Demande de déplacement
[21:02:57] GUERISSEUR avance.
[21:02:57] GUERISSEUR rencontre un CRS !
[21:02:57] GUERISSEUR combat CRS
[21:02:57] GUERISSEUR inflige 5 dégâts à CRS
[21:02:57] CRS inflige 18 dégâts à GUERISSEUR
[21:02:59] GUERISSEUR inflige 5 dégâts à CRS
[21:02:59] CRS inflige 18 dégâts à GUERISSEUR
[21:02:59] GUERISSEUR inflige 5 dégâts à CRS
[21:02:59] CRS inflige 18 dégâts à GUERISSEUR
[21:02:59] GUERISSEUR inflige 5 dégâts à CRS
[21:02:59] CRS inflige 18 dégâts à GUERISSEUR
[21:02:59] GUERISSEUR inflige 5 dégâts à CRS
[21:02:59] CRS inflige 18 dégâts à GUERISSEUR
[21:02:59] GUERISSEUR inflige 5 dégâts à CRS
[21:02:59] CRS inflige 18 dégâts à GUERISSEUR
[21:02:59] GUERISSEUR inflige 5 dégâts à CRS
[21:02:59] CRS inflige 18 dégâts à GUERISSEUR
[21:02:59] GUERISSEUR inflige 5 dégâts à CRS
[21:02:59] CRS inflige 18 dégâts à GUERISSEUR
[21:02:59] GUERISSEUR inflige 5 dégâts à CRS
[21:02:59] CRS inflige 18 dégâts à GUERISSEUR
[21:02:59] GUERISSEUR inflige 5 dégâts à CRS
[21:02:59] CRS inflige 18 dégâts à GUERISSEUR
[21:02:59] GUERISSEUR inflige 5 dégâts à CRS
[21:02:59] CRS inflige 18 dégâts à GUERISSEUR
[21:02:59] GUERISSEUR inflige 5 dégâts à CRS
[21:02:59] CRS inflige 18 dégâts à GUERISSEUR
[21:02:59] GUERISSEUR inflige 5 dégâts à CRS
[21:02:59] CRS inflige 18 dégâts à GUERISSEUR
[21:02:59] GUERISSEUR inflige 5 dégâts à CRS
[21:02:59] CRS inflige 18 dégâts à GUERISSEUR
[21:02:59] GUERISSEUR inflige 5 dégâts à CRS
[21:02:59] CRS inflige 18 dégâts à GUERISSEUR
[21:02:59] GUERISSEUR inflige 5 dégâts à CRS
[21:02:59] CRS inflige 18 dégâts à GUERISSEUR
[21:02:59] GUERISSEUR inflige 5 dégâts à CRS
[21:02:59] CRS inflige 18 dégâts à GUERISSEUR
[21:02:59] GUERISSEUR a été vaincu par CRS
[21:02:59] PV restants après le combat: -6
[21:02:59] GUERISSEUR a été vaincu. Fin du jeu.
