[12:14:13] Game started
[12:14:13] Génération des cartes...
[12:14:13] Cartes générées
[12:14:13] Affichage des personnages disponibles...
[12:14:13] Demande de choix de personnage
[12:14:20] Personnage choisi: CREEPER
[12:14:22] Niveau 1 lancé: Tour de Paris
[12:14:22] Affichage de la carte
[12:14:22] CREEPER est à la position 0 sur la carte.
[12:14:22] Demande de déplacement
[12:14:25] CREEPER avance.
[12:14:25] CREEPER est à la position 1 sur la carte.
[12:14:25] Demande de déplacement
[12:14:26] CREEPER avance.
[12:14:26] CREEPER trouve un coffre !
[12:14:28] CREEPER a décidé de ne pas ouvrir le coffre.
[12:14:28] CREEPER est à la position 2 sur la carte.
[12:14:28] Demande de déplacement
[12:14:29] CREEPER avance.
[12:14:29] CREEPER est à la position 3 sur la carte.
[12:14:29] Demande de déplacement
[12:14:29] CREEPER avance.
[12:14:29] CREEPER est à la position 4 sur la carte.
[12:14:29] Demande de déplacement
[12:14:30] CREEPER avance.
[12:14:30] CREEPER a atteint la fin de la carte.
[12:14:30] PV restants à la fin de la carte: 150
[12:14:33] Passage au niveau 2: Tour de New York
[12:14:33] CREEPER est à la position 0 sur la carte.
[12:14:33] Demande de déplacement
[12:14:35] CREEPER avance.
[12:14:35] CREEPER est à la position 1 sur la carte.
[12:14:35] Demande de déplacement
[12:14:36] CREEPER avance.
[12:14:36] CREEPER est à la position 2 sur la carte.
[12:14:36] Demande de déplacement
[12:14:36] CREEPER avance.
[12:14:36] CREEPER rencontre un Brigant !
[12:14:36] CREEPER combat Brigant
[12:14:38] CREEPER inflige 30 dégâts à Brigant
[12:14:38] Brigant inflige 17 dégâts à CREEPER
[12:14:38] CREEPER inflige 30 dégâts à Brigant
[12:14:38] Brigant inflige 17 dégâts à CREEPER
[12:14:38] CREEPER a vaincu Brigant
[12:14:38] PV restants après le combat: 116
[12:14:38] CREEPER est à la position 3 sur la carte.
[12:14:38] Demande de déplacement
[12:14:39] CREEPER avance.
[12:14:39] CREEPER trouve un coffre !
[12:14:41] CREEPER a trouvé une potion de soin et récupère 27 PV.
[12:14:41] CREEPER est à la position 4 sur la carte.
[12:14:41] Demande de déplacement
[12:14:42] CREEPER avance.
[12:14:42] CREEPER rencontre un Brigant !
[12:14:42] CREEPER combat Brigant
[12:14:44] CREEPER inflige 37 dégâts à Brigant
[12:14:44] Brigant inflige 0 dégâts à CREEPER
[12:14:44] CREEPER inflige 37 dégâts à Brigant
[12:14:44] Brigant inflige 0 dégâts à CREEPER
[12:14:44] CREEPER a vaincu Brigant
[12:14:44] PV restants après le combat: 143
[12:14:44] CREEPER est à la position 5 sur la carte.
[12:14:44] Demande de déplacement
[12:15:24] CREEPER avance.
[12:15:24] CREEPER est à la position 6 sur la carte.
[12:15:24] Demande de déplacement
[12:15:25] CREEPER avance.
[12:15:25] CREEPER a atteint la fin de la carte.
[12:15:25] PV restants à la fin de la carte: 143
[12:15:29] Passage au niveau 3: Tour de Tokyo
[12:15:29] CREEPER est à la position 0 sur la carte.
[12:15:29] Demande de déplacement
[12:15:30] CREEPER avance.
[12:15:30] CREEPER est à la position 1 sur la carte.
[12:15:30] Demande de déplacement
[12:15:31] CREEPER avance.
[12:15:31] CREEPER rencontre un Brigant !
[12:15:31] CREEPER combat Brigant
[12:15:33] CREEPER inflige 20 dégâts à Brigant
[12:15:33] Brigant inflige 18 dégâts à CREEPER
[12:15:33] CREEPER inflige 20 dégâts à Brigant
[12:15:33] Brigant inflige 18 dégâts à CREEPER
[12:15:33] CREEPER inflige 20 dégâts à Brigant
[12:15:33] Brigant inflige 18 dégâts à CREEPER
[12:15:33] CREEPER inflige 20 dégâts à Brigant
[12:15:33] Brigant inflige 18 dégâts à CREEPER
[12:15:33] CREEPER inflige 20 dégâts à Brigant
[12:15:33] Brigant inflige 18 dégâts à CREEPER
[12:15:33] CREEPER a vaincu Brigant
[12:15:33] PV restants après le combat: 53
[12:15:33] CREEPER est à la position 2 sur la carte.
[12:15:33] Demande de déplacement
[12:15:34] CREEPER avance.
[12:15:34] CREEPER est à la position 3 sur la carte.
[12:15:34] Demande de déplacement
[12:15:34] CREEPER avance.
[12:15:34] CREEPER est à la position 4 sur la carte.
[12:15:34] Demande de déplacement
[12:15:35] CREEPER avance.
[12:15:35] CREEPER est à la position 5 sur la carte.
[12:15:35] Demande de déplacement
[12:15:35] CREEPER avance.
[12:15:35] CREEPER rencontre un Sniper !
[12:15:35] CREEPER combat Sniper
[12:15:36] CREEPER inflige 31 dégâts à Sniper
[12:15:36] Sniper inflige 49 dégâts à CREEPER
[12:15:36] CREEPER inflige 31 dégâts à Sniper
[12:15:36] Sniper inflige 49 dégâts à CREEPER
[12:15:36] CREEPER a été vaincu par Sniper
[12:15:36] PV restants après le combat: -45
[12:15:36] CREEPER a été vaincu. Fin du jeu.
