[17:42:57] Génération des cartes...
[17:42:57] Cartes générées
[17:42:57] Affichage des personnages disponibles...
[17:42:57] Demande de choix de personnage
[17:43:00] Personnage choisi: HITMAN
[17:43:03] Niveau 1 lancé: Tour de Paris
[17:43:03] Affichage de la carte
[17:43:03] HITMAN est à la position 0 sur la carte.
[17:43:03] Demande de déplacement
[17:43:05] HITMAN avance.
[17:43:05] HITMAN est à la position 1 sur la carte.
[17:43:05] Demande de déplacement
[17:43:06] HITMAN avance.
[17:43:06] HITMAN rencontre un Catcheur !
[17:43:06] HITMAN combat Catcheur
[17:43:06] HITMAN inflige 34 dégâts à Catcheur
[17:43:06] Catcheur inflige 27 dégâts à HITMAN
[17:43:06] HITMAN inflige 34 dégâts à Catcheur
[17:43:06] Catcheur inflige 27 dégâts à HITMAN
[17:43:06] HITMAN inflige 34 dégâts à Catcheur
[17:43:06] Catcheur inflige 27 dégâts à HITMAN
[17:43:06] HITMAN a vaincu Catcheur
[17:43:06] PV restants après le combat: 119
[17:43:06] HITMAN est à la position 2 sur la carte.
[17:43:06] D