[20:59:26] Game started
[20:59:26] Génération des cartes...
[20:59:26] Cartes générées
[20:59:26] Affichage des personnages disponibles...
[20:59:26] Demande de choix de personnage
[20:59:30] Personnage choisi: HITMAN
[20:59:32] Niveau 1 lancé: Tour de Paris
[20:59:32] Affichage de la carte
[20:59:32] HITMAN est à la position 0 sur la carte.
[20:59:32] Demande de déplacement
[20:59:33] HITMAN avance.
[20:59:33] HITMAN rencontre un Catcheur !
[20:59:33] HITMAN combat Catcheur
[20:59:34] HITMAN inflige 5 dégâts à Catcheur
[20:59:34] Catcheur inflige 42 dégâts à HITMAN
[20:59:36] HITMAN inflige 5 dégâts à Catcheur
[20:59:36] Catcheur inflige 42 dégâts à HITMAN
[20:59:36] HITMAN inflige 5 dégâts à Catcheur
[20:59:36] Catcheur inflige 42 dégâts à HITMAN
[20:59:36] HITMAN inflige 5 dégâts à Catcheur
[20:59:36] Catcheur inflige 42 dégâts à HITMAN
[20:59:36] HITMAN inflige 5 dégâts à Catcheur
[20:59:36] Catcheur inflige 42 dégâts à HITMAN
[20:59:36] HITMAN a été vaincu par Catcheur
[20:59:36] PV restants après le combat: -10
[20:59:36] HITMAN a été vaincu. Fin du jeu.
