[12:47:48] Game started
[12:47:48] Génération des cartes...
[12:47:48] Cartes générées
[12:47:48] Affichage des personnages disponibles...
[12:47:48] Demande de choix de personnage
[12:47:51] Personnage choisi: HITMAN
[12:48:12] Niveau 1 lancé: Tour de Paris
[12:48:12] Affichage de la carte
[12:48:12] HITMAN est à la position 0 sur la carte.
[12:48:12] Demande de déplacement
[12:48:17] HITMAN avance.
[12:48:17] HITMAN est à la position 1 sur la carte.
[12:48:17] Demande de déplacement
[12:48:19] HITMAN avance.
[12:48:19] HITMAN rencontre un Catcheur !
[12:48:19] HITMAN combat Catcheur
[12:48:21] HITMAN inflige 0 dégâts à Catcheur
[12:48:21] Catcheur inflige 23 dégâts à HITMAN
[12:48:21] HITMAN inflige 0 dégâts à Catcheur
[12:48:21] Catcheur inflige 23 dégâts à HITMAN
[12:48:21] HITMAN inflige 0 dégâts à Catcheur
[12:48:21] Catcheur inflige 23 dégâts à HITMAN
[12:48:21] HITMAN inflige 0 dégâts à Catcheur
[12:48:21] Catcheur inflige 23 dégâts à HITMAN
[12:48:21] HITMAN inflige 0 dégâts à Catcheur
[12:48:21] Catcheur inflige 23 dégâts à HITMAN
[12:48:21] HITMAN a été vaincu par Catcheur
[12:48:21] PV restants après le combat: -15
[12:48:21] HITMAN a été vaincu. Fin du jeu.
