[12:48:32] Game started
[12:48:32] Génération des cartes...
[12:48:32] Cartes générées
[12:48:32] Affichage des personnages disponibles...
[12:48:32] Demande de choix de personnage
[12:48:34] Personnage choisi: HITMAN
[12:48:36] Niveau 1 lancé: Tour de Paris
[12:48:36] Affichage de la carte
[12:48:36] HITMAN est à la position 0 sur la carte.
[12:48:36] Demande de déplacement
[12:48:37] HITMAN avance.
[12:48:37] HITMAN rencontre un Brigant !
[12:48:37] HITMAN combat Brigant
[12:48:38] HITMAN inflige 7 dégâts à Brigant
[12:48:38] Brigant inflige 7 dégâts à HITMAN
[12:48:38] HITMAN inflige 7 dégâts à Brigant
[12:48:38] Brigant inflige 7 dégâts à HITMAN
[12:48:38] HITMAN inflige 7 dégâts à Brigant
[12:48:38] Brigant inflige 7 dégâts à HITMAN
[12:48:38] HITMAN inflige 7 dégâts à Brigant
[12:48:38] Brigant inflige 7 dégâts à HITMAN
[12:48:38] HITMAN inflige 7 dégâts à Brigant
[12:48:38] Brigant inflige 7 dégâts à HITMAN
[12:48:38] HITMAN inflige 7 dégâts à Brigant
[12:48:38] Brigant inflige 7 dégâts à HITMAN
[12:48:38] HITMAN inflige 7 dégâts à Brigant
[12:48:38] Brigant inflige 7 dégâts à HITMAN
[12:48:38] HITMAN a vaincu Brigant
[12:48:38] PV restants après le combat: 51
[12:48:38] HITMAN est à la position 1 sur la carte.
[12:48:38] Demande de déplacement
[12:48:49] HITMAN avance.
[12:48:49] HITMAN rencontre un Sniper !
[12:48:49] HITMAN combat Sniper
[12:48:49] HITMAN inflige 7 dégâts à Sniper
[12:48:49] Sniper inflige 1 dégâts à HITMAN
[12:48:49] HITMAN a vaincu Sniper
[12:48:49] PV restants après le combat: 50
[12:48:49] HITMAN est à la position 2 sur la carte.
[12:48:49] Demande de déplacement
[12:49:01] HITMAN avance.
[12:49:01] HITMAN est à la position 3 sur la carte.
[12:49:01] Demande de déplacement
[12:49:01] HITMAN avance.
[12:49:01] HITMAN est à la position 4 sur la carte.
[12:49:01] Demande de déplacement
[12:49:02] HITMAN avance.
[12:49:02] HITMAN a atteint la fin de la carte.
[12:49:02] PV restants à la fin de la carte: 50
[12:49:02] HITMAN a atteint la fin de la carte.
[12:49:02] PV restants à la fin de la carte: 50
[12:49:04] Passage au niveau 2: Tour de New York
