[12:50:04] Game started
[12:50:04] Génération des cartes...
[12:50:04] Cartes générées
[12:50:04] Affichage des personnages disponibles...
[12:50:04] Demande de choix de personnage
[12:50:07] Personnage choisi: HITMAN
[12:50:15] Niveau 1 lancé: Tour de Paris
[12:50:15] Affichage de la carte
[12:50:15] HITMAN est à la position 0 sur la carte.
[12:50:15] Demande de déplacement
[12:50:16] HITMAN avance.
[12:50:16] HITMAN trouve un coffre !
[12:50:17] Le coffre trouvé par HITMAN est vide ou contient des objets inutiles.
[12:50:17] HITMAN est à la position 1 sur la carte.
[12:50:17] Demande de déplacement
[12:50:18] HITMAN avance.
[12:50:18] HITMAN est à la position 2 sur la carte.
[12:50:18] Demande de déplacement
[12:50:19] HITMAN avance.
[12:50:19] HITMAN rencontre un Brigant !
[12:50:19] HITMAN combat Brigant
[12:50:20] HITMAN inflige 0 dégâts à Brigant
[12:50:20] Brigant inflige 2 dégâts à HITMAN
[12:50:20] HITMAN inflige 0 dégâts à Brigant
[12:50:20] Brigant inflige 2 dégâts à HITMAN
[12:50:20] HITMAN inflige 0 dégâts à Brigant
[12:50:20] Brigant inflige 2 dégâts à HITMAN
[12:50:20] HITMAN inflige 0 dégâts à Brigant
[12:50:20] Brigant inflige 2 dégâts à HITMAN
[12:50:20] HITMAN inflige 0 dégâts à Brigant
[12:50:20] Brigant inflige 2 dégâts à HITMAN
[12:50:20] HITMAN inflige 0 dégâts à Brigant
[12:50:20] Brigant inflige 2 dégâts à HITMAN
[12:50:20] HITMAN inflige 0 dégâts à Brigant
[12:50:20] Brigant inflige 2 dégâts à HITMAN
[12:50:20] HITMAN inflige 0 dégâts à Brigant
[12:50:20] Brigant inflige 2 dégâts à HITMAN
[12:50:20] HITMAN inflige 0 dégâts à Brigant
[12:50:20] Brigant inflige 2 dégâts à HITMAN
[12:50:20] HITMAN inflige 0 dégâts à Brigant
[12:50:20] Brigant inflige 2 dégâts à HITMAN
[12:50:20] HITMAN inflige 0 dégâts à Brigant
[12:50:20] Brigant inflige 2 dégâts à HITMAN
[12:50:20] HITMAN inflige 0 dégâts à Brigant
[12:50:20] Brigant inflige 2 dégâts à HITMAN
[12:50:20] HITMAN inflige 0 dégâts à Brigant
[12:50:20] Brigant inflige 2 dégâts à HITMAN
[12:50:20] HITMAN inflige 0 dégâts à Brigant
[12:50:20] Brigant inflige 2 dégâts à HITMAN
[12:50:20] HITMAN inflige 0 dégâts à Brigant
[12:50:20] Brigant inflige 2 dégâts à HITMAN
[12:50:20] HITMAN inflige 0 dégâts à Brigant
[12:50:20] Brigant inflige 2 dégâts à HITMAN
[12:50:20] HITMAN inflige 0 dégâts à Brigant
[12:50:20] Brigant inflige 2 dégâts à HITMAN
[12:50:20] HITMAN inflige 0 dégâts à Brigant
[12:50:20] Brigant inflige 2 dégâts à HITMAN
[12:50:20] HITMAN inflige 0 dégâts à Brigant
[12:50:20] Brigant inflige 2 dégâts à HITMAN
[12:50:20] HITMAN inflige 0 dégâts à Brigant
[12:50:20] Brigant inflige 2 dégâts à HITMAN
[12:50:20] HITMAN inflige 0 dégâts à Brigant
[12:50:20] Brigant inflige 2 dégâts à HITMAN
[12:50:20] HITMAN inflige 0 dégâts à Brigant
[12:50:20] Brigant inflige 2 dégâts à HITMAN
[12:50:20] HITMAN inflige 0 dégâts à Brigant
[12:50:20] Brigant inflige 2 dégâts à HITMAN
[12:50:20] HITMAN inflige 0 dégâts à Brigant
[12:50:20] Brigant inflige 2 dégâts à HITMAN
[12:50:20] HITMAN inflige 0 dégâts à Brigant
[12:50:20] Brigant inflige 2 dégâts à HITMAN
[12:50:20] HITMAN inflige 0 dégâts à Brigant
[12:50:20] Brigant inflige 2 dégâts à HITMAN
[12:50:20] HITMAN inflige 0 dégâts à Brigant
[12:50:20] Brigant inflige 2 dégâts à HITMAN
[12:50:20] HITMAN inflige 0 dégâts à Brigant
[12:50:20] Brigant inflige 2 dégâts à HITMAN
[12:50:20] HITMAN inflige 0 dégâts à Brigant
[12:50:20] Brigant inflige 2 dégâts à HITMAN
[12:50:20] HITMAN inflige 0 dégâts à Brigant
[12:50:20] Brigant inflige 2 dégâts à HITMAN
[12:50:20] HITMAN inflige 0 dégâts à Brigant
[12:50:20] Brigant inflige 2 dégâts à HITMAN
[12:50:20] HITMAN inflige 0 dégâts à Brigant
[12:50:20] Brigant inflige 2 dégâts à HITMAN
[12:50:20] HITMAN inflige 0 dégâts à Brigant
[12:50:20] Brigant inflige 2 dégâts à HITMAN
[12:50:20] HITMAN inflige 0 dégâts à Brigant
[12:50:20] Brigant inflige 2 dégâts à HITMAN
[12:50:20] HITMAN inflige 0 dégâts à Brigant
[12:50:20] Brigant inflige 2 dégâts à HITMAN
[12:50:20] HITMAN inflige 0 dégâts à Brigant
[12:50:20] Brigant inflige 2 dégâts à HITMAN
[12:50:20] HITMAN inflige 0 dégâts à Brigant
[12:50:20] Brigant inflige 2 dégâts à HITMAN
[12:50:20] HITMAN inflige 0 dégâts à Brigant
[12:50:20] Brigant inflige 2 dégâts à HITMAN
[12:50:20] HITMAN inflige 0 dégâts à Brigant
[12:50:20] Brigant inflige 2 dégâts à HITMAN
[12:50:20] HITMAN inflige 0 dégâts à Brigant
[12:50:20] Brigant inflige 2 dégâts à HITMAN
[12:50:20] HITMAN inflige 0 dégâts à Brigant
[12:50:20] Brigant inflige 2 dégâts à HITMAN
[12:50:20] HITMAN inflige 0 dégâts à Brigant
[12:50:20] Brigant inflige 2 dégâts à HITMAN
[12:50:20] HITMAN inflige 0 dégâts à Brigant
[12:50:20] Brigant inflige 2 dégâts à HITMAN
[12:50:20] HITMAN inflige 0 dégâts à Brigant
[12:50:20] Brigant inflige 2 dégâts à HITMAN
[12:50:20] HITMAN inflige 0 dégâts à Brigant
[12:50:20] Brigant inflige 2 dégâts à HITMAN
[12:50:20] HITMAN inflige 0 dégâts à Brigant
[12:50:20] Brigant inflige 2 dégâts à HITMAN
[12:50:20] HITMAN inflige 0 dégâts à Brigant
[12:50:20] Brigant inflige 2 dégâts à HITMAN
[12:50:20] HITMAN inflige 0 dégâts à Brigant
[12:50:20] Brigant inflige 2 dégâts à HITMAN
[12:50:20] HITMAN inflige 0 dégâts à Brigant
[12:50:20] Brigant inflige 2 dégâts à HITMAN
[12:50:20] HITMAN inflige 0 dégâts à Brigant
[12:50:20] Brigant inflige 2 dégâts à HITMAN
[12:50:20] HITMAN a été vaincu par Brigant
[12:50:20] PV restants après le combat: 0
[12:50:20] HITMAN a été vaincu. Fin du jeu.
